[ORM]2020/08/06 14:08:36  -[Queries/default] - [  OK /    db.Query /     0.9ms] - [select s.*,p.name,p.price,p.images from shopcar s join products p on s.productid=p.id where userid=?] - `1`
[ORM]2020/08/06 14:08:37  -[Queries/default] - [FAIL /     db.Exec /     0.0ms] - [update shopcar set amount=?, check=? where userid=? and id=?] - `2`, ``, `1`, `10` - Error 1064: You have an error in your SQL syntax; check the manual that corresponds to your MySQL server version for the right syntax to use near 'check=? where userid=? and id=?' at line 1
[ORM]2020/08/06 14:09:13  -[Queries/default] - [  OK /    db.Query /     0.9ms] - [select s.*,p.name,p.price,p.images from shopcar s join products p on s.productid=p.id where userid=?] - `1`
[ORM]2020/08/06 14:09:14  -[Queries/default] - [FAIL /     db.Exec /     0.9ms] - [update shopcar set amount=?, check=? where userid=? and id=?] - `2`, ``, `1`, `10` - Error 1064: You have an error in your SQL syntax; check the manual that corresponds to your MySQL server version for the right syntax to use near 'check=? where userid=? and id=?' at line 1
[ORM]2020/08/06 14:09:34  -[Queries/default] - [FAIL /     db.Exec /     0.0ms] - [update shopcar set amount=?, check=? where userid=? and id=?] - `3`, ``, `1`, `10` - Error 1064: You have an error in your SQL syntax; check the manual that corresponds to your MySQL server version for the right syntax to use near 'check=? where userid=? and id=?' at line 1
[ORM]2020/08/06 14:09:34  -[Queries/default] - [FAIL /     db.Exec /     0.0ms] - [update shopcar set amount=?, check=? where userid=? and id=?] - `2`, ``, `1`, `10` - Error 1064: You have an error in your SQL syntax; check the manual that corresponds to your MySQL server version for the right syntax to use near 'check=? where userid=? and id=?' at line 1
[ORM]2020/08/06 14:09:35  -[Queries/default] - [FAIL /     db.Exec /     0.0ms] - [update shopcar set amount=?, check=? where userid=? and id=?] - `3`, ``, `1`, `10` - Error 1064: You have an error in your SQL syntax; check the manual that corresponds to your MySQL server version for the right syntax to use near 'check=? where userid=? and id=?' at line 1
[ORM]2020/08/06 14:09:35  -[Queries/default] - [FAIL /     db.Exec /     0.0ms] - [update shopcar set amount=?, check=? where userid=? and id=?] - `2`, ``, `1`, `10` - Error 1064: You have an error in your SQL syntax; check the manual that corresponds to your MySQL server version for the right syntax to use near 'check=? where userid=? and id=?' at line 1
[ORM]2020/08/06 14:09:36  -[Queries/default] - [FAIL /     db.Exec /     0.0ms] - [update shopcar set amount=?, check=? where userid=? and id=?] - `3`, ``, `1`, `10` - Error 1064: You have an error in your SQL syntax; check the manual that corresponds to your MySQL server version for the right syntax to use near 'check=? where userid=? and id=?' at line 1
[ORM]2020/08/06 14:09:36  -[Queries/default] - [FAIL /     db.Exec /     0.9ms] - [update shopcar set amount=?, check=? where userid=? and id=?] - `2`, ``, `1`, `10` - Error 1064: You have an error in your SQL syntax; check the manual that corresponds to your MySQL server version for the right syntax to use near 'check=? where userid=? and id=?' at line 1
[ORM]2020/08/06 14:11:01  -[Queries/default] - [  OK /    db.Query /     0.0ms] - [select s.*,p.name,p.price,p.images from shopcar s join products p on s.productid=p.id where userid=?] - `1`
[ORM]2020/08/06 14:11:05  -[Queries/default] - [FAIL /     db.Exec /     0.0ms] - [update shopcar set amount=?, check=? where userid=? and id=?] - `2`, ``, `1`, `10` - Error 1064: You have an error in your SQL syntax; check the manual that corresponds to your MySQL server version for the right syntax to use near 'check=? where userid=? and id=?' at line 1
[ORM]2020/08/06 14:14:46  -[Queries/default] - [  OK /    db.Query /     0.9ms] - [select s.*,p.name,p.price,p.images from shopcar s join products p on s.productid=p.id where userid=?] - `1`
[ORM]2020/08/06 14:14:49  -[Queries/default] - [FAIL /     db.Exec /     0.0ms] - [update shopcar set amount=?, check=? where userid=? and id=?] - `2`, ``, `1`, `10` - Error 1064: You have an error in your SQL syntax; check the manual that corresponds to your MySQL server version for the right syntax to use near 'check=? where userid=? and id=?' at line 1
[ORM]2020/08/06 14:15:28  -[Queries/default] - [  OK /    db.Query /     0.9ms] - [select s.*,p.name,p.price,p.images from shopcar s join products p on s.productid=p.id where userid=?] - `1`
[ORM]2020/08/06 14:15:30  -[Queries/default] - [FAIL /     db.Exec /     0.9ms] - [update shopcar set amount=?, check=? where userid=? and id=?] - `2`, ``, `1`, `10` - Error 1064: You have an error in your SQL syntax; check the manual that corresponds to your MySQL server version for the right syntax to use near 'check=? where userid=? and id=?' at line 1
[ORM]2020/08/06 14:16:07  -[Queries/default] - [  OK /    db.Query /     1.0ms] - [select s.*,p.name,p.price,p.images from shopcar s join products p on s.productid=p.id where userid=?] - `1`
[ORM]2020/08/06 14:16:10  -[Queries/default] - [FAIL /     db.Exec /     0.0ms] - [update shopcar set amount=?, check=? where userid=? and id=?] - `2`, ``, `1`, `10` - Error 1064: You have an error in your SQL syntax; check the manual that corresponds to your MySQL server version for the right syntax to use near 'check=? where userid=? and id=?' at line 1
[ORM]2020/08/06 14:16:31  -[Queries/default] - [  OK /    db.Query /     0.9ms] - [select s.*,p.name,p.price,p.images from shopcar s join products p on s.productid=p.id where userid=?] - `1`
[ORM]2020/08/06 14:16:33  -[Queries/default] - [FAIL /     db.Exec /     0.9ms] - [update shopcar set amount=?, check=? where userid=? and id=?] - `2`, ``, `1`, `10` - Error 1064: You have an error in your SQL syntax; check the manual that corresponds to your MySQL server version for the right syntax to use near 'check=? where userid=? and id=?' at line 1
[ORM]2020/08/06 14:16:58  -[Queries/default] - [  OK /    db.Query /     0.0ms] - [select s.*,p.name,p.price,p.images from shopcar s join products p on s.productid=p.id where userid=?] - `1`
[ORM]2020/08/06 14:17:01  -[Queries/default] - [FAIL /     db.Exec /     0.0ms] - [update shopcar set amount=?, check=? where userid=? and id=?] - `2`, ``, `1`, `10` - Error 1064: You have an error in your SQL syntax; check the manual that corresponds to your MySQL server version for the right syntax to use near 'check=? where userid=? and id=?' at line 1
[ORM]2020/08/06 14:17:49  -[Queries/default] - [  OK /    db.Query /     0.0ms] - [select s.*,p.name,p.price,p.images from shopcar s join products p on s.productid=p.id where userid=?] - `1`
[ORM]2020/08/06 14:18:06  -[Queries/default] - [  OK /    db.Query /     0.0ms] - [select s.*,p.name,p.price,p.images from shopcar s join products p on s.productid=p.id where userid=?] - `1`
[ORM]2020/08/06 14:18:36  -[Queries/default] - [  OK /    db.Query /     0.0ms] - [select s.*,p.name,p.price,p.images from shopcar s join products p on s.productid=p.id where userid=?] - `1`
[ORM]2020/08/06 14:18:37  -[Queries/default] - [FAIL /     db.Exec /     0.9ms] - [update shopcar set amount=?, check=? where userid=? and id=?] - `2`, ``, `1`, `10` - Error 1064: You have an error in your SQL syntax; check the manual that corresponds to your MySQL server version for the right syntax to use near 'check=? where userid=? and id=?' at line 1
[ORM]2020/08/06 14:19:12  -[Queries/default] - [  OK /    db.Query /     0.9ms] - [select s.*,p.name,p.price,p.images from shopcar s join products p on s.productid=p.id where userid=?] - `1`
[ORM]2020/08/06 14:19:13  -[Queries/default] - [FAIL /     db.Exec /     0.0ms] - [update shopcar set amount=?, check=? where userid=? and id=?] - `2`, ``, `1`, `10` - Error 1064: You have an error in your SQL syntax; check the manual that corresponds to your MySQL server version for the right syntax to use near 'check=? where userid=? and id=?' at line 1
[ORM]2020/08/06 14:19:47  -[Queries/default] - [  OK /    db.Query /     0.9ms] - [select s.*,p.name,p.price,p.images from shopcar s join products p on s.productid=p.id where userid=?] - `1`
[ORM]2020/08/06 14:19:48  -[Queries/default] - [FAIL /     db.Exec /     0.0ms] - [update shopcar set amount=?, check=? where userid=? and id=?] - `2`, ``, `1`, `10` - Error 1064: You have an error in your SQL syntax; check the manual that corresponds to your MySQL server version for the right syntax to use near 'check=? where userid=? and id=?' at line 1
[ORM]2020/08/06 14:21:32  -[Queries/default] - [  OK /    db.Query /     0.9ms] - [select s.*,p.name,p.price,p.images from shopcar s join products p on s.productid=p.id where userid=?] - `1`
[ORM]2020/08/06 14:21:33  -[Queries/default] - [FAIL /     db.Exec /     0.0ms] - [update shopcar set amount=?, check=? where userid=? and id=?] - `2`, ``, `1`, `10` - Error 1064: You have an error in your SQL syntax; check the manual that corresponds to your MySQL server version for the right syntax to use near 'check=? where userid=? and id=?' at line 1
[ORM]2020/08/06 14:21:47  -[Queries/default] - [  OK /    db.Query /     0.9ms] - [select s.*,p.name,p.price,p.images from shopcar s join products p on s.productid=p.id where userid=?] - `1`
[ORM]2020/08/06 14:21:49  -[Queries/default] - [FAIL /     db.Exec /     0.0ms] - [update shopcar set amount=?, check=? where userid=? and id=?] - `2`, ``, `1`, `10` - Error 1064: You have an error in your SQL syntax; check the manual that corresponds to your MySQL server version for the right syntax to use near 'check=? where userid=? and id=?' at line 1
[ORM]2020/08/06 14:22:26  -[Queries/default] - [  OK /    db.Query /     0.0ms] - [select s.*,p.name,p.price,p.images from shopcar s join products p on s.productid=p.id where userid=?] - `1`
[ORM]2020/08/06 14:22:27  -[Queries/default] - [FAIL /     db.Exec /     0.0ms] - [update shopcar set amount=?, check=? where userid=? and id=?] - `2`, `0`, `1`, `10` - Error 1064: You have an error in your SQL syntax; check the manual that corresponds to your MySQL server version for the right syntax to use near 'check=? where userid=? and id=?' at line 1
[ORM]2020/08/06 14:22:27  -[Queries/default] - [FAIL /     db.Exec /     0.0ms] - [update shopcar set amount=?, check=? where userid=? and id=?] - `3`, `0`, `1`, `10` - Error 1064: You have an error in your SQL syntax; check the manual that corresponds to your MySQL server version for the right syntax to use near 'check=? where userid=? and id=?' at line 1
[ORM]2020/08/06 14:22:27  -[Queries/default] - [FAIL /     db.Exec /     0.9ms] - [update shopcar set amount=?, check=? where userid=? and id=?] - `4`, `0`, `1`, `10` - Error 1064: You have an error in your SQL syntax; check the manual that corresponds to your MySQL server version for the right syntax to use near 'check=? where userid=? and id=?' at line 1
[ORM]2020/08/06 14:22:27  -[Queries/default] - [FAIL /     db.Exec /     0.0ms] - [update shopcar set amount=?, check=? where userid=? and id=?] - `5`, `0`, `1`, `10` - Error 1064: You have an error in your SQL syntax; check the manual that corresponds to your MySQL server version for the right syntax to use near 'check=? where userid=? and id=?' at line 1
[ORM]2020/08/06 14:28:35  -[Queries/default] - [  OK /    db.Query /     0.9ms] - [select s.*,p.name,p.price,p.images from shopcar s join products p on s.productid=p.id where userid=?] - `1`
[ORM]2020/08/06 14:28:36  -[Queries/default] - [  OK /     db.Exec /     0.9ms] - [update shopcar set amount=?, ischeck=? where userid=? and id=?] - `2`, `0`, `1`, `10`
[ORM]2020/08/06 14:28:36  -[Queries/default] - [  OK /     db.Exec /     0.0ms] - [update shopcar set amount=?, ischeck=? where userid=? and id=?] - `3`, `0`, `1`, `10`
[ORM]2020/08/06 14:28:36  -[Queries/default] - [  OK /     db.Exec /     0.0ms] - [update shopcar set amount=?, ischeck=? where userid=? and id=?] - `4`, `0`, `1`, `10`
[ORM]2020/08/06 14:28:37  -[Queries/default] - [  OK /     db.Exec /     0.9ms] - [update shopcar set amount=?, ischeck=? where userid=? and id=?] - `3`, `0`, `1`, `10`
[ORM]2020/08/06 14:28:40  -[Queries/default] - [  OK /    db.Query /     0.0ms] - [select s.*,p.name,p.price,p.images from shopcar s join products p on s.productid=p.id where userid=?] - `1`
[ORM]2020/08/06 14:29:39  -[Queries/default] - [  OK /    db.Query /     0.0ms] - [select s.*,p.name,p.price,p.images from shopcar s join products p on s.productid=p.id where userid=?] - `1`
[ORM]2020/08/06 14:30:19  -[Queries/default] - [  OK /    db.Query /     1.0ms] - [select s.*,p.name,p.price,p.images from shopcar s join products p on s.productid=p.id where userid=?] - `1`
[ORM]2020/08/06 14:30:19  -[Queries/default] - [FAIL /     db.Exec /     0.9ms] - [update shopcar set amount=?, ischeck=? where userid=? and id=?] - ``, `0`, `1`, `10` - Error 1366: Incorrect integer value: '' for column 'amount' at row 1
[ORM]2020/08/06 14:30:20  -[Queries/default] - [FAIL /     db.Exec /     0.0ms] - [update shopcar set amount=?, ischeck=? where userid=? and id=?] - ``, `1`, `1`, `10` - Error 1366: Incorrect integer value: '' for column 'amount' at row 1
[ORM]2020/08/06 14:30:20  -[Queries/default] - [FAIL /     db.Exec /     0.9ms] - [update shopcar set amount=?, ischeck=? where userid=? and id=?] - ``, `0`, `1`, `10` - Error 1366: Incorrect integer value: '' for column 'amount' at row 1
[ORM]2020/08/06 14:30:21  -[Queries/default] - [FAIL /     db.Exec /     0.0ms] - [update shopcar set amount=?, ischeck=? where userid=? and id=?] - ``, `1`, `1`, `10` - Error 1366: Incorrect integer value: '' for column 'amount' at row 1
[ORM]2020/08/06 14:30:23  -[Queries/default] - [FAIL /     db.Exec /     0.9ms] - [update shopcar set amount=?, ischeck=? where userid=? and id=?] - ``, `0`, `1`, `10` - Error 1366: Incorrect integer value: '' for column 'amount' at row 1
[ORM]2020/08/06 14:30:24  -[Queries/default] - [FAIL /     db.Exec /     0.9ms] - [update shopcar set amount=?, ischeck=? where userid=? and id=?] - ``, `1`, `1`, `10` - Error 1366: Incorrect integer value: '' for column 'amount' at row 1
[ORM]2020/08/06 14:30:24  -[Queries/default] - [FAIL /     db.Exec /     0.0ms] - [update shopcar set amount=?, ischeck=? where userid=? and id=?] - ``, `0`, `1`, `10` - Error 1366: Incorrect integer value: '' for column 'amount' at row 1
[ORM]2020/08/06 14:31:24  -[Queries/default] - [  OK /    db.Query /     0.9ms] - [select s.*,p.name,p.price,p.images from shopcar s join products p on s.productid=p.id where userid=?] - `1`
[ORM]2020/08/06 14:31:46  -[Queries/default] - [  OK /    db.Query /     0.9ms] - [select s.*,p.name,p.price,p.images from shopcar s join products p on s.productid=p.id where userid=?] - `1`
[ORM]2020/08/06 14:31:47  -[Queries/default] - [FAIL /     db.Exec /     0.0ms] - [update shopcar set amount=?, ischeck=? where userid=? and id=?] - ``, `0`, `1`, `10` - Error 1366: Incorrect integer value: '' for column 'amount' at row 1
[ORM]2020/08/06 14:32:02  -[Queries/default] - [FAIL /     db.Exec /     0.0ms] - [update shopcar set amount=?, ischeck=? where userid=? and id=?] - ``, `0`, `1`, `10` - Error 1366: Incorrect integer value: '' for column 'amount' at row 1
[ORM]2020/08/06 14:32:02  -[Queries/default] - [FAIL /     db.Exec /     0.9ms] - [update shopcar set amount=?, ischeck=? where userid=? and id=?] - ``, `0`, `1`, `10` - Error 1366: Incorrect integer value: '' for column 'amount' at row 1
[ORM]2020/08/06 14:32:02  -[Queries/default] - [FAIL /     db.Exec /     0.9ms] - [update shopcar set amount=?, ischeck=? where userid=? and id=?] - ``, `0`, `1`, `10` - Error 1366: Incorrect integer value: '' for column 'amount' at row 1
[ORM]2020/08/06 14:32:02  -[Queries/default] - [FAIL /     db.Exec /     0.9ms] - [update shopcar set amount=?, ischeck=? where userid=? and id=?] - ``, `0`, `1`, `10` - Error 1366: Incorrect integer value: '' for column 'amount' at row 1
[ORM]2020/08/06 14:32:08  -[Queries/default] - [FAIL /     db.Exec /     0.0ms] - [update shopcar set amount=?, ischeck=? where userid=? and id=?] - ``, `0`, `1`, `10` - Error 1366: Incorrect integer value: '' for column 'amount' at row 1
[ORM]2020/08/06 14:32:09  -[Queries/default] - [FAIL /     db.Exec /     0.0ms] - [update shopcar set amount=?, ischeck=? where userid=? and id=?] - ``, `0`, `1`, `10` - Error 1366: Incorrect integer value: '' for column 'amount' at row 1
[ORM]2020/08/06 14:32:09  -[Queries/default] - [FAIL /     db.Exec /     0.9ms] - [update shopcar set amount=?, ischeck=? where userid=? and id=?] - ``, `0`, `1`, `10` - Error 1366: Incorrect integer value: '' for column 'amount' at row 1
[ORM]2020/08/06 14:32:48  -[Queries/default] - [  OK /    db.Query /     0.9ms] - [select s.*,p.name,p.price,p.images from shopcar s join products p on s.productid=p.id where userid=?] - `1`
[ORM]2020/08/06 14:32:49  -[Queries/default] - [  OK /     db.Exec /     0.0ms] - [update shopcar set amount=?, ischeck=? where userid=? and id=?] - `3`, `0`, `1`, `10`
[ORM]2020/08/06 14:32:50  -[Queries/default] - [  OK /     db.Exec /     0.9ms] - [update shopcar set amount=?, ischeck=? where userid=? and id=?] - `3`, `1`, `1`, `10`
[ORM]2020/08/06 14:32:50  -[Queries/default] - [  OK /     db.Exec /     1.0ms] - [update shopcar set amount=?, ischeck=? where userid=? and id=?] - `3`, `0`, `1`, `10`
[ORM]2020/08/06 14:32:51  -[Queries/default] - [  OK /     db.Exec /     0.0ms] - [update shopcar set amount=?, ischeck=? where userid=? and id=?] - `3`, `1`, `1`, `10`
[ORM]2020/08/06 14:32:51  -[Queries/default] - [  OK /     db.Exec /     0.0ms] - [update shopcar set amount=?, ischeck=? where userid=? and id=?] - `3`, `0`, `1`, `10`
[ORM]2020/08/06 14:32:53  -[Queries/default] - [  OK /    db.Query /     0.9ms] - [select s.*,p.name,p.price,p.images from shopcar s join products p on s.productid=p.id where userid=?] - `1`
[ORM]2020/08/06 14:32:53  -[Queries/default] - [  OK /     db.Exec /     1.0ms] - [update shopcar set amount=?, ischeck=? where userid=? and id=?] - `3`, `0`, `1`, `10`
[ORM]2020/08/06 14:32:54  -[Queries/default] - [  OK /     db.Exec /     0.0ms] - [update shopcar set amount=?, ischeck=? where userid=? and id=?] - `3`, `1`, `1`, `10`
[ORM]2020/08/06 14:32:54  -[Queries/default] - [  OK /     db.Exec /     0.9ms] - [update shopcar set amount=?, ischeck=? where userid=? and id=?] - `3`, `0`, `1`, `10`
[ORM]2020/08/06 14:32:55  -[Queries/default] - [  OK /    db.Query /     0.9ms] - [select s.*,p.name,p.price,p.images from shopcar s join products p on s.productid=p.id where userid=?] - `1`
[ORM]2020/08/06 14:32:57  -[Queries/default] - [  OK /     db.Exec /     0.0ms] - [update shopcar set amount=?, ischeck=? where userid=? and id=?] - `3`, `0`, `1`, `10`
[ORM]2020/08/06 14:41:12  -[Queries/default] - [  OK /     db.Exec /     0.0ms] - [update shopcar set amount=?, ischeck=? where userid=? and id=?] - `3`, `1`, `1`, `10`
[ORM]2020/08/06 14:41:12  -[Queries/default] - [  OK /     db.Exec /     1.0ms] - [update shopcar set amount=?, ischeck=? where userid=? and id=?] - `3`, `0`, `1`, `10`
[ORM]2020/08/06 14:41:13  -[Queries/default] - [  OK /     db.Exec /     0.0ms] - [update shopcar set amount=?, ischeck=? where userid=? and id=?] - `4`, `0`, `1`, `10`
[ORM]2020/08/06 14:41:13  -[Queries/default] - [  OK /     db.Exec /     0.9ms] - [update shopcar set amount=?, ischeck=? where userid=? and id=?] - `5`, `0`, `1`, `10`
[ORM]2020/08/06 14:41:13  -[Queries/default] - [  OK /     db.Exec /     0.0ms] - [update shopcar set amount=?, ischeck=? where userid=? and id=?] - `6`, `0`, `1`, `10`
[ORM]2020/08/06 14:41:14  -[Queries/default] - [  OK /    db.Query /     0.0ms] - [select s.*,p.name,p.price,p.images from shopcar s join products p on s.productid=p.id where userid=?] - `1`
[ORM]2020/08/06 14:41:15  -[Queries/default] - [FAIL /     db.Exec /     0.0ms] - [update shopcar set amount=?, ischeck=? where userid=? and id=?] - `7`, ``, `1`, `10` - Error 1366: Incorrect integer value: '' for column 'ischeck' at row 1
[ORM]2020/08/06 14:41:15  -[Queries/default] - [FAIL /     db.Exec /     0.0ms] - [update shopcar set amount=?, ischeck=? where userid=? and id=?] - `8`, ``, `1`, `10` - Error 1366: Incorrect integer value: '' for column 'ischeck' at row 1
[ORM]2020/08/06 14:41:15  -[Queries/default] - [FAIL /     db.Exec /     1.0ms] - [update shopcar set amount=?, ischeck=? where userid=? and id=?] - `9`, ``, `1`, `10` - Error 1366: Incorrect integer value: '' for column 'ischeck' at row 1
[ORM]2020/08/06 14:41:16  -[Queries/default] - [  OK /    db.Query /     0.9ms] - [select s.*,p.name,p.price,p.images from shopcar s join products p on s.productid=p.id where userid=?] - `1`
[ORM]2020/08/06 14:41:18  -[Queries/default] - [FAIL /     db.Exec /     0.0ms] - [update shopcar set amount=?, ischeck=? where userid=? and id=?] - `7`, ``, `1`, `10` - Error 1366: Incorrect integer value: '' for column 'ischeck' at row 1
[ORM]2020/08/06 14:41:18  -[Queries/default] - [FAIL /     db.Exec /     1.0ms] - [update shopcar set amount=?, ischeck=? where userid=? and id=?] - `8`, ``, `1`, `10` - Error 1366: Incorrect integer value: '' for column 'ischeck' at row 1
[ORM]2020/08/06 14:41:18  -[Queries/default] - [FAIL /     db.Exec /     0.0ms] - [update shopcar set amount=?, ischeck=? where userid=? and id=?] - `9`, ``, `1`, `10` - Error 1366: Incorrect integer value: '' for column 'ischeck' at row 1
[ORM]2020/08/06 14:41:18  -[Queries/default] - [FAIL /     db.Exec /     0.0ms] - [update shopcar set amount=?, ischeck=? where userid=? and id=?] - `10`, ``, `1`, `10` - Error 1366: Incorrect integer value: '' for column 'ischeck' at row 1
[ORM]2020/08/06 14:41:18  -[Queries/default] - [FAIL /     db.Exec /     0.0ms] - [update shopcar set amount=?, ischeck=? where userid=? and id=?] - `11`, ``, `1`, `10` - Error 1366: Incorrect integer value: '' for column 'ischeck' at row 1
[ORM]2020/08/06 14:41:41  -[Queries/default] - [  OK /     db.Exec /     0.9ms] - [update shopcar set amount=?, ischeck=? where userid=? and id=?] - `11`, `0`, `1`, `10`
[ORM]2020/08/06 14:41:41  -[Queries/default] - [  OK /     db.Exec /     0.9ms] - [update shopcar set amount=?, ischeck=? where userid=? and id=?] - `11`, `1`, `1`, `10`
[ORM]2020/08/06 14:41:59  -[Queries/default] - [  OK /     db.Exec /     0.0ms] - [update shopcar set amount=?, ischeck=? where userid=? and id=?] - `12`, `1`, `1`, `10`
[ORM]2020/08/06 14:43:15  -[Queries/default] - [  OK /    db.Query /     1.0ms] - [select s.*,p.name,p.price,p.images from shopcar s join products p on s.productid=p.id where userid=?] - `1`
[ORM]2020/08/06 14:43:16  -[Queries/default] - [  OK /     db.Exec /     1.0ms] - [update shopcar set amount=?, ischeck=? where userid=? and id=?] - `12`, `0`, `1`, `10`
[ORM]2020/08/06 14:43:16  -[Queries/default] - [  OK /     db.Exec /     0.0ms] - [update shopcar set amount=?, ischeck=? where userid=? and id=?] - `12`, `1`, `1`, `10`
[ORM]2020/08/06 14:43:17  -[Queries/default] - [  OK /     db.Exec /     0.0ms] - [update shopcar set amount=?, ischeck=? where userid=? and id=?] - `101`, `1`, `1`, `3`
[ORM]2020/08/06 14:43:18  -[Queries/default] - [  OK /     db.Exec /     0.0ms] - [update shopcar set amount=?, ischeck=? where userid=? and id=?] - `13`, `1`, `1`, `10`
[ORM]2020/08/06 14:43:18  -[Queries/default] - [  OK /     db.Exec /     0.0ms] - [update shopcar set amount=?, ischeck=? where userid=? and id=?] - `14`, `1`, `1`, `10`
[ORM]2020/08/06 14:43:19  -[Queries/default] - [  OK /     db.Exec /     1.0ms] - [update shopcar set amount=?, ischeck=? where userid=? and id=?] - `102`, `1`, `1`, `3`
[ORM]2020/08/06 14:43:19  -[Queries/default] - [  OK /    db.Query /     1.0ms] - [select s.*,p.name,p.price,p.images from shopcar s join products p on s.productid=p.id where userid=?] - `1`
[ORM]2020/08/06 14:43:20  -[Queries/default] - [  OK /    db.Query /     0.9ms] - [select s.*,p.name,p.price,p.images from shopcar s join products p on s.productid=p.id where userid=?] - `1`
[ORM]2020/08/06 14:43:20  -[Queries/default] - [  OK /     db.Exec /     0.0ms] - [update shopcar set amount=?, ischeck=? where userid=? and id=?] - `101`, `1`, `1`, `4`
[ORM]2020/08/06 14:43:21  -[Queries/default] - [  OK /     db.Exec /     0.0ms] - [update shopcar set amount=?, ischeck=? where userid=? and id=?] - `101`, `0`, `1`, `4`
[ORM]2020/08/06 14:43:21  -[Queries/default] - [  OK /     db.Exec /     0.0ms] - [update shopcar set amount=?, ischeck=? where userid=? and id=?] - `101`, `1`, `1`, `4`
[ORM]2020/08/06 14:43:22  -[Queries/default] - [  OK /    db.Query /     0.0ms] - [select s.*,p.name,p.price,p.images from shopcar s join products p on s.productid=p.id where userid=?] - `1`
[ORM]2020/08/06 14:43:23  -[Queries/default] - [  OK /    db.Query /     0.0ms] - [select s.*,p.name,p.price,p.images from shopcar s join products p on s.productid=p.id where userid=?] - `1`
[ORM]2020/08/06 14:43:23  -[Queries/default] - [  OK /    db.Query /     1.0ms] - [select s.*,p.name,p.price,p.images from shopcar s join products p on s.productid=p.id where userid=?] - `1`
[ORM]2020/08/06 14:44:08  -[Queries/default] - [  OK /    db.Query /     0.9ms] - [select s.*,p.name,p.price,p.images from shopcar s join products p on s.productid=p.id where userid=?] - `1`
[ORM]2020/08/06 14:47:44  -[Queries/default] - [  OK /    db.Query /     0.9ms] - [select s.*,p.name,p.price,p.images from shopcar s join products p on s.productid=p.id where userid=?] - `1`
[ORM]2020/08/06 14:48:07  -[Queries/default] - [  OK /    db.Query /     0.9ms] - [select s.*,p.name,p.price,p.images from shopcar s join products p on s.productid=p.id where userid=?] - `1`
[ORM]2020/08/06 14:48:07  -[Queries/default] - [  OK /     db.Exec /     0.0ms] - [update shopcar set amount=?, ischeck=? where userid=? and id=?] - ``, ``, `1`, ``
[ORM]2020/08/06 14:48:09  -[Queries/default] - [  OK /     db.Exec /     0.0ms] - [update shopcar set amount=?, ischeck=? where userid=? and id=?] - ``, ``, `1`, ``
[ORM]2020/08/06 14:48:10  -[Queries/default] - [  OK /    db.Query /     0.9ms] - [select s.*,p.name,p.price,p.images from shopcar s join products p on s.productid=p.id where userid=?] - `1`
[ORM]2020/08/06 14:48:12  -[Queries/default] - [  OK /    db.Query /     0.0ms] - [select s.*,p.name,p.price,p.images from shopcar s join products p on s.productid=p.id where userid=?] - `1`
[ORM]2020/08/06 14:48:13  -[Queries/default] - [  OK /     db.Exec /     0.0ms] - [update shopcar set amount=?, ischeck=? where userid=? and id=?] - ``, ``, `1`, ``
[ORM]2020/08/06 14:48:13  -[Queries/default] - [  OK /     db.Exec /     0.9ms] - [update shopcar set amount=?, ischeck=? where userid=? and id=?] - ``, ``, `1`, ``
[ORM]2020/08/06 14:48:15  -[Queries/default] - [  OK /    db.Query /     0.0ms] - [select s.*,p.name,p.price,p.images from shopcar s join products p on s.productid=p.id where userid=?] - `1`
[ORM]2020/08/06 14:48:16  -[Queries/default] - [  OK /     db.Exec /     0.9ms] - [update shopcar set amount=?, ischeck=? where userid=? and id=?] - ``, ``, `1`, ``
[ORM]2020/08/06 14:48:17  -[Queries/default] - [  OK /    db.Query /     0.9ms] - [select s.*,p.name,p.price,p.images from shopcar s join products p on s.productid=p.id where userid=?] - `1`
[ORM]2020/08/06 14:57:11  -[Queries/default] - [  OK /     db.Exec /     0.0ms] - [update shopcar set amount=?, ischeck=? where userid=? and id=?] - ``, ``, `1`, ``
[ORM]2020/08/06 14:57:11  -[Queries/default] - [  OK /     db.Exec /     0.0ms] - [update shopcar set amount=?, ischeck=? where userid=? and id=?] - ``, ``, `1`, ``
[ORM]2020/08/06 14:57:11  -[Queries/default] - [  OK /     db.Exec /     0.0ms] - [update shopcar set amount=?, ischeck=? where userid=? and id=?] - ``, ``, `1`, ``
[ORM]2020/08/06 14:57:11  -[Queries/default] - [  OK /     db.Exec /     0.0ms] - [update shopcar set amount=?, ischeck=? where userid=? and id=?] - ``, ``, `1`, ``
[ORM]2020/08/06 14:57:11  -[Queries/default] - [  OK /     db.Exec /     0.9ms] - [update shopcar set amount=?, ischeck=? where userid=? and id=?] - ``, ``, `1`, ``
[ORM]2020/08/06 14:57:11  -[Queries/default] - [  OK /     db.Exec /     1.0ms] - [update shopcar set amount=?, ischeck=? where userid=? and id=?] - ``, ``, `1`, ``
[ORM]2020/08/06 14:57:12  -[Queries/default] - [  OK /     db.Exec /     0.0ms] - [update shopcar set amount=?, ischeck=? where userid=? and id=?] - ``, ``, `1`, ``
[ORM]2020/08/06 14:57:12  -[Queries/default] - [  OK /     db.Exec /     0.0ms] - [update shopcar set amount=?, ischeck=? where userid=? and id=?] - ``, ``, `1`, ``
[ORM]2020/08/06 14:57:13  -[Queries/default] - [  OK /     db.Exec /     0.0ms] - [update shopcar set amount=?, ischeck=? where userid=? and id=?] - ``, ``, `1`, ``
[ORM]2020/08/06 14:57:14  -[Queries/default] - [  OK /    db.Query /     0.9ms] - [select s.*,p.name,p.price,p.images from shopcar s join products p on s.productid=p.id where userid=?] - `1`
[ORM]2020/08/06 14:57:14  -[Queries/default] - [  OK /     db.Exec /     0.0ms] - [update shopcar set amount=?, ischeck=? where userid=? and id=?] - ``, ``, `1`, ``
[ORM]2020/08/06 14:57:16  -[Queries/default] - [  OK /    db.Query /     0.9ms] - [select s.*,p.name,p.price,p.images from shopcar s join products p on s.productid=p.id where userid=?] - `1`
[ORM]2020/08/06 14:57:16  -[Queries/default] - [  OK /     db.Exec /     0.0ms] - [update shopcar set amount=?, ischeck=? where userid=? and id=?] - `101`, `0`, `1`, `4`
[ORM]2020/08/06 14:57:17  -[Queries/default] - [  OK /     db.Exec /     0.0ms] - [update shopcar set amount=?, ischeck=? where userid=? and id=?] - `1`, `1`, `1`, `5`
[ORM]2020/08/06 14:57:17  -[Queries/default] - [  OK /     db.Exec /     0.0ms] - [update shopcar set amount=?, ischeck=? where userid=? and id=?] - `1`, `0`, `1`, `5`
[ORM]2020/08/06 14:57:29  -[Queries/default] - [  OK /     db.Exec /     0.9ms] - [update shopcar set amount=?, ischeck=? where userid=? and id=?] - `2`, `0`, `1`, `12`
[ORM]2020/08/06 14:57:38  -[Queries/default] - [  OK /     db.Exec /     0.9ms] - [update shopcar set amount=?, ischeck=? where userid=? and id=?] - `2`, `1`, `1`, `12`
[ORM]2020/08/06 14:57:43  -[Queries/default] - [  OK /     db.Exec /     0.9ms] - [update shopcar set amount=?, ischeck=? where userid=? and id=?] - `2`, `0`, `1`, `12`
[ORM]2020/08/06 14:57:43  -[Queries/default] - [  OK /     db.Exec /     0.9ms] - [update shopcar set amount=?, ischeck=? where userid=? and id=?] - `2`, `1`, `1`, `12`
[ORM]2020/08/06 14:57:44  -[Queries/default] - [  OK /    db.Query /     0.0ms] - [select s.*,p.name,p.price,p.images from shopcar s join products p on s.productid=p.id where userid=?] - `1`
[ORM]2020/08/06 14:57:45  -[Queries/default] - [  OK /     db.Exec /     0.9ms] - [update shopcar set amount=?, ischeck=? where userid=? and id=?] - `101`, `1`, `1`, `4`
[ORM]2020/08/06 14:57:45  -[Queries/default] - [  OK /     db.Exec /     0.9ms] - [update shopcar set amount=?, ischeck=? where userid=? and id=?] - `101`, `0`, `1`, `4`
[ORM]2020/08/06 14:57:45  -[Queries/default] - [  OK /     db.Exec /     0.9ms] - [update shopcar set amount=?, ischeck=? where userid=? and id=?] - `101`, `1`, `1`, `4`
[ORM]2020/08/06 14:57:46  -[Queries/default] - [  OK /     db.Exec /     0.0ms] - [update shopcar set amount=?, ischeck=? where userid=? and id=?] - `101`, `0`, `1`, `4`
[ORM]2020/08/06 14:57:46  -[Queries/default] - [  OK /     db.Exec /     0.0ms] - [update shopcar set amount=?, ischeck=? where userid=? and id=?] - `101`, `1`, `1`, `4`
[ORM]2020/08/06 14:57:46  -[Queries/default] - [  OK /     db.Exec /     0.0ms] - [update shopcar set amount=?, ischeck=? where userid=? and id=?] - `101`, `0`, `1`, `4`
[ORM]2020/08/06 14:57:46  -[Queries/default] - [  OK /     db.Exec /     0.0ms] - [update shopcar set amount=?, ischeck=? where userid=? and id=?] - `101`, `1`, `1`, `4`
[ORM]2020/08/06 14:57:46  -[Queries/default] - [  OK /     db.Exec /     0.0ms] - [update shopcar set amount=?, ischeck=? where userid=? and id=?] - `101`, `0`, `1`, `4`
[ORM]2020/08/06 14:57:47  -[Queries/default] - [  OK /     db.Exec /     0.0ms] - [update shopcar set amount=?, ischeck=? where userid=? and id=?] - `102`, `0`, `1`, `4`
[ORM]2020/08/06 14:57:47  -[Queries/default] - [  OK /     db.Exec /     0.0ms] - [update shopcar set amount=?, ischeck=? where userid=? and id=?] - `103`, `0`, `1`, `4`
[ORM]2020/08/06 14:57:47  -[Queries/default] - [  OK /     db.Exec /     0.9ms] - [update shopcar set amount=?, ischeck=? where userid=? and id=?] - `104`, `0`, `1`, `4`
[ORM]2020/08/06 14:57:48  -[Queries/default] - [  OK /     db.Exec /     0.0ms] - [update shopcar set amount=?, ischeck=? where userid=? and id=?] - `103`, `0`, `1`, `4`
[ORM]2020/08/06 14:57:49  -[Queries/default] - [  OK /     db.Exec /     0.9ms] - [update shopcar set amount=?, ischeck=? where userid=? and id=?] - `03`, `0`, `1`, `4`
[ORM]2020/08/06 14:57:49  -[Queries/default] - [  OK /     db.Exec /     0.9ms] - [update shopcar set amount=?, ischeck=? where userid=? and id=?] - `103`, `0`, `1`, `4`
[ORM]2020/08/06 14:57:49  -[Queries/default] - [  OK /     db.Exec /     0.0ms] - [update shopcar set amount=?, ischeck=? where userid=? and id=?] - `1103`, `0`, `1`, `4`
[ORM]2020/08/06 14:57:49  -[Queries/default] - [  OK /     db.Exec /     0.0ms] - [update shopcar set amount=?, ischeck=? where userid=? and id=?] - `11103`, `0`, `1`, `4`
[ORM]2020/08/06 14:57:49  -[Queries/default] - [  OK /     db.Exec /     0.9ms] - [update shopcar set amount=?, ischeck=? where userid=? and id=?] - `111103`, `0`, `1`, `4`
[ORM]2020/08/06 14:57:50  -[Queries/default] - [  OK /     db.Exec /     1.0ms] - [update shopcar set amount=?, ischeck=? where userid=? and id=?] - `1111103`, `0`, `1`, `4`
[ORM]2020/08/06 14:57:50  -[Queries/default] - [  OK /     db.Exec /     1.0ms] - [update shopcar set amount=?, ischeck=? where userid=? and id=?] - `11111103`, `0`, `1`, `4`
[ORM]2020/08/06 14:57:50  -[Queries/default] - [  OK /     db.Exec /     0.0ms] - [update shopcar set amount=?, ischeck=? where userid=? and id=?] - `111111103`, `0`, `1`, `4`
[ORM]2020/08/06 14:57:50  -[Queries/default] - [  OK /     db.Exec /     0.0ms] - [update shopcar set amount=?, ischeck=? where userid=? and id=?] - `1111111103`, `0`, `1`, `4`
[ORM]2020/08/06 14:57:50  -[Queries/default] - [  OK /     db.Exec /     0.0ms] - [update shopcar set amount=?, ischeck=? where userid=? and id=?] - `11111111103`, `0`, `1`, `4`
[ORM]2020/08/06 14:57:52  -[Queries/default] - [  OK /    db.Query /     1.0ms] - [select s.*,p.name,p.price,p.images from shopcar s join products p on s.productid=p.id where userid=?] - `1`
[ORM]2020/08/06 14:57:57  -[Queries/default] - [  OK /     db.Exec /     0.0ms] - [update shopcar set amount=?, ischeck=? where userid=? and id=?] - `11111111103`, `1`, `1`, `4`
[ORM]2020/08/06 14:57:59  -[Queries/default] - [  OK /     db.Exec /     0.0ms] - [update shopcar set amount=?, ischeck=? where userid=? and id=?] - `102`, `0`, `1`, `3`
[ORM]2020/08/06 14:58:00  -[Queries/default] - [  OK /     db.Exec /     0.9ms] - [update shopcar set amount=?, ischeck=? where userid=? and id=?] - `14`, `0`, `1`, `10`
