[ORM]2020/08/06 16:21:46  -[Queries/default] - [  OK /    db.Query /     0.0ms] - [select s.*,p.name,p.price,p.images from shopcar s join products p on s.productid=p.id where userid=?] - `1`
[ORM]2020/08/06 16:21:47  -[Queries/default] - [  OK /     db.Exec /     0.0ms] - [update shopcar set amount=?, ischeck=? where userid=? and id=?] - `102`, `1`, `1`, `3`
[ORM]2020/08/06 16:21:48  -[Queries/default] - [  OK /     db.Exec /     0.0ms] - [update shopcar set amount=?, ischeck=? where userid=? and id=?] - `102`, `0`, `1`, `3`
[ORM]2020/08/06 16:21:49  -[Queries/default] - [  OK /     db.Exec /     0.0ms] - [update shopcar set amount=?, ischeck=? where userid=? and id=?] - `11111111103`, `0`, `1`, `4`
[ORM]2020/08/06 16:24:11  -[Queries/default] - [  OK /    db.Query /     0.9ms] - [select s.*,p.name,p.price,p.images from shopcar s join products p on s.productid=p.id where userid=?] - `1`
[ORM]2020/08/06 16:26:44  -[Queries/default] - [  OK /    db.Query /     0.9ms] - [select s.*,p.name,p.price,p.images from shopcar s join products p on s.productid=p.id where userid=?] - `1`
[ORM]2020/08/06 16:26:45  -[Queries/default] - [FAIL /     db.Exec /     0.9ms] - [update shopcar set amount=?, isecheck=? where userid=? and id=?] - `14`, `1`, `1`, `10` - Error 1054: Unknown column 'isecheck' in 'field list'
[ORM]2020/08/06 16:26:59  -[Queries/default] - [  OK /    db.Query /     0.9ms] - [select s.*,p.name,p.price,p.images from shopcar s join products p on s.productid=p.id where userid=?] - `1`
[ORM]2020/08/06 16:27:00  -[Queries/default] - [FAIL /     db.Exec /     0.0ms] - [update shopcar set amount=?, isecheck=? where userid=? and id=?] - `14`, `1`, `1`, `10` - Error 1054: Unknown column 'isecheck' in 'field list'
[ORM]2020/08/06 16:27:08  -[Queries/default] - [  OK /     db.Exec /     0.9ms] - [update shopcar set amount=?, ischeck=? where userid=? and id=?] - `14`, `0`, `1`, `10`
[ORM]2020/08/06 16:27:08  -[Queries/default] - [  OK /     db.Exec /     0.0ms] - [update shopcar set amount=?, ischeck=? where userid=? and id=?] - `14`, `1`, `1`, `10`
[ORM]2020/08/06 16:27:09  -[Queries/default] - [  OK /     db.Exec /     0.0ms] - [update shopcar set amount=?, ischeck=? where userid=? and id=?] - `14`, `0`, `1`, `10`
[ORM]2020/08/06 16:27:09  -[Queries/default] - [  OK /     db.Exec /     0.0ms] - [update shopcar set amount=?, ischeck=? where userid=? and id=?] - `14`, `1`, `1`, `10`
[ORM]2020/08/06 16:27:10  -[Queries/default] - [  OK /     db.Exec /     0.0ms] - [update shopcar set amount=?, ischeck=? where userid=? and id=?] - `14`, `0`, `1`, `10`
[ORM]2020/08/06 16:27:36  -[Queries/default] - [  OK /    db.Query /     0.0ms] - [select s.*,p.name,p.price,p.images from shopcar s join products p on s.productid=p.id where userid=?] - `1`
[ORM]2020/08/06 16:27:38  -[Queries/default] - [  OK /     db.Exec /     0.0ms] - [delete from shopcar where id=? and userid=?] - `3`, `1`
[ORM]2020/08/06 16:27:39  -[Queries/default] - [  OK /     db.Exec /     0.0ms] - [delete from shopcar where id=? and userid=?] - `4`, `1`
[ORM]2020/08/06 16:27:39  -[Queries/default] - [  OK /     db.Exec /     0.9ms] - [delete from shopcar where id=? and userid=?] - `5`, `1`
[ORM]2020/08/06 16:27:39  -[Queries/default] - [  OK /     db.Exec /     0.9ms] - [delete from shopcar where id=? and userid=?] - `6`, `1`
[ORM]2020/08/06 16:27:40  -[Queries/default] - [  OK /     db.Exec /     0.9ms] - [delete from shopcar where id=? and userid=?] - `7`, `1`
[ORM]2020/08/06 16:27:40  -[Queries/default] - [  OK /     db.Exec /     0.0ms] - [delete from shopcar where id=? and userid=?] - `8`, `1`
[ORM]2020/08/06 16:27:40  -[Queries/default] - [  OK /     db.Exec /     0.0ms] - [delete from shopcar where id=? and userid=?] - `9`, `1`
[ORM]2020/08/06 16:27:40  -[Queries/default] - [  OK /     db.Exec /     0.0ms] - [delete from shopcar where id=? and userid=?] - `11`, `1`
[ORM]2020/08/06 16:27:40  -[Queries/default] - [  OK /     db.Exec /     0.9ms] - [delete from shopcar where id=? and userid=?] - `12`, `1`
[ORM]2020/08/06 16:27:40  -[Queries/default] - [  OK /     db.Exec /     0.9ms] - [delete from shopcar where id=? and userid=?] - `13`, `1`
[ORM]2020/08/06 16:27:41  -[Queries/default] - [  OK /     db.Exec /     0.0ms] - [delete from shopcar where id=? and userid=?] - `14`, `1`
[ORM]2020/08/06 16:27:41  -[Queries/default] - [  OK /     db.Exec /     0.9ms] - [delete from shopcar where id=? and userid=?] - `15`, `1`
[ORM]2020/08/06 16:27:43  -[Queries/default] - [  OK /    db.Query /     0.0ms] - [select s.*,p.name,p.price,p.images from shopcar s join products p on s.productid=p.id where userid=?] - `1`
[ORM]2020/08/06 16:27:43  -[Queries/default] - [  OK /    db.Query /     0.0ms] - [select s.*,p.name,p.price,p.images from shopcar s join products p on s.productid=p.id where userid=?] - `1`
[ORM]2020/08/06 16:27:43  -[Queries/default] - [  OK /    db.Query /     0.0ms] - [select s.*,p.name,p.price,p.images from shopcar s join products p on s.productid=p.id where userid=?] - `1`
[ORM]2020/08/06 16:27:44  -[Queries/default] - [  OK /    db.Query /     0.9ms] - [select s.*,p.name,p.price,p.images from shopcar s join products p on s.productid=p.id where userid=?] - `1`
[ORM]2020/08/06 16:27:47  -[Queries/default] - [  OK /     db.Exec /     0.0ms] - [insert into shopcar (userid,productid,amount)
							values (?,?,?)] - `1`, `1`, `1`
[ORM]2020/08/06 16:27:47  -[Queries/default] - [  OK /    db.Query /     0.0ms] - [select s.*,p.name,p.price,p.images from shopcar s join products p on s.productid=p.id where userid=?] - `1`
[ORM]2020/08/06 16:28:43  -[Queries/default] - [  OK /     db.Exec /     0.0ms] - [insert into shopcar (userid,productid,amount)
							values (?,?,?)] - `1`, `1`, `1`
[ORM]2020/08/06 16:28:43  -[Queries/default] - [  OK /    db.Query /     0.0ms] - [select s.*,p.name,p.price,p.images from shopcar s join products p on s.productid=p.id where userid=?] - `1`
[ORM]2020/08/06 16:28:57  -[Queries/default] - [  OK /    db.Query /     0.0ms] - [select * from products]
[ORM]2020/08/06 16:33:58  -[Queries/default] - [  OK /    db.Query /     0.0ms] - [select * from products]
[ORM]2020/08/06 16:34:56  -[Queries/default] - [  OK /    db.Query /     0.9ms] - [select * from products]
[ORM]2020/08/06 16:46:27  -[Queries/default] - [  OK /    db.Query /     0.9ms] - [select * from products where id=?] - `4`
[ORM]2020/08/06 16:55:02  -[Queries/default] - [  OK /    db.Query /     0.0ms] - [select * from products where id=?] - `4`
[ORM]2020/08/06 16:55:05  -[Queries/default] - [  OK /    db.Query /     0.0ms] - [select * from products where id=?] - `4`
[ORM]2020/08/06 16:56:14  -[Queries/default] - [  OK /    db.Query /     0.0ms] - [select * from products where id=?] - `4`
[ORM]2020/08/06 16:56:32  -[Queries/default] - [  OK /    db.Query /     0.0ms] - [select * from products where id=?] - `4`
[ORM]2020/08/06 16:57:21  -[Queries/default] - [  OK /    db.Query /     0.9ms] - [select * from products where id=?] - `4`
