[ORM]2020/08/13 15:01:01  -[Queries/default] - [  OK /    db.Query /     0.9ms] - [select username,email,phone from users where id=?] - `1`
[ORM]2020/08/13 15:17:16  -[Queries/default] - [  OK /    db.Query /     0.0ms] - [select * from products]
[ORM]2020/08/13 15:17:19  -[Queries/default] - [  OK /    db.Query /     0.0ms] - [select * from products where id=?] - `10`
[ORM]2020/08/13 15:17:22  -[Queries/default] - [  OK /     db.Exec /     0.9ms] - [insert into shopcar (userid,productid,amount)
							values (?,?,?)] - `1`, `10`, `1`
[ORM]2020/08/13 15:17:22  -[Queries/default] - [  OK /    db.Query /     0.9ms] - [select s.*,p.name,p.price,p.images from shopcar s join products p on s.productid=p.id where userid=?] - `1`
[ORM]2020/08/13 15:17:24  -[Queries/default] - [  OK /     db.Exec /     1.0ms] - [update shopcar set amount=?, ischeck=? where userid=? and id=?] - `1`, `1`, `1`, `21`
[ORM]2020/08/13 15:17:26  -[Queries/default] - [  OK /     db.Exec /     0.0ms] - [delete from shopcar where id=? and userid=?] - `20`, `1`
[ORM]2020/08/13 15:17:27  -[Queries/default] - [  OK /     db.Exec /     0.0ms] - [delete from shopcar where id=? and userid=?] - `21`, `1`
[ORM]2020/08/13 15:17:28  -[Queries/default] - [  OK /    db.Query /     0.9ms] - [select * from products where id=?] - `10`
[ORM]2020/08/13 15:17:29  -[Queries/default] - [  OK /     db.Exec /     0.0ms] - [insert into shopcar (userid,productid,amount)
							values (?,?,?)] - `1`, `10`, `1`
[ORM]2020/08/13 15:17:29  -[Queries/default] - [  OK /    db.Query /     0.9ms] - [select s.*,p.name,p.price,p.images from shopcar s join products p on s.productid=p.id where userid=?] - `1`
[ORM]2020/08/13 15:17:31  -[Queries/default] - [  OK /     db.Exec /     0.0ms] - [update shopcar set amount=?, ischeck=? where userid=? and id=?] - `2`, `0`, `1`, `22`
[ORM]2020/08/13 15:17:32  -[Queries/default] - [  OK /     db.Exec /     0.0ms] - [update shopcar set amount=?, ischeck=? where userid=? and id=?] - `3`, `0`, `1`, `22`
[ORM]2020/08/13 15:17:32  -[Queries/default] - [  OK /     db.Exec /     0.0ms] - [update shopcar set amount=?, ischeck=? where userid=? and id=?] - `4`, `0`, `1`, `22`
[ORM]2020/08/13 15:17:32  -[Queries/default] - [  OK /     db.Exec /     0.0ms] - [update shopcar set amount=?, ischeck=? where userid=? and id=?] - `5`, `0`, `1`, `22`
[ORM]2020/08/13 15:17:32  -[Queries/default] - [  OK /     db.Exec /     0.0ms] - [update shopcar set amount=?, ischeck=? where userid=? and id=?] - `6`, `0`, `1`, `22`
[ORM]2020/08/13 15:17:34  -[Queries/default] - [  OK /     db.Exec /     1.0ms] - [update shopcar set amount=?, ischeck=? where userid=? and id=?] - ``, ``, `1`, ``
[ORM]2020/08/13 15:17:37  -[Queries/default] - [  OK /     db.Exec /     0.0ms] - [update shopcar set amount=?, ischeck=? where userid=? and id=?] - `6`, `0`, `1`, `22`
[ORM]2020/08/13 15:17:37  -[Queries/default] - [  OK /     db.Exec /     0.0ms] - [update shopcar set amount=?, ischeck=? where userid=? and id=?] - `6`, `1`, `1`, `22`
[ORM]2020/08/13 15:17:42  -[Queries/default] - [  OK /    db.Query /     0.9ms] - [select * from products where id=?] - `10`
[ORM]2020/08/13 15:20:36  -[Queries/default] - [  OK /    db.Query /     0.9ms] - [select * from products where id=?] - `10`
[ORM]2020/08/13 15:20:38  -[Queries/default] - [FAIL /    db.Query /     0.0ms] - [select amount from shopcar where userid=? and productid=?,] - `1`, `10` - Error 1064: You have an error in your SQL syntax; check the manual that corresponds to your MySQL server version for the right syntax to use near '' at line 1
[ORM]2020/08/13 15:20:38  -[Queries/default] - [  OK /     db.Exec /     1.0ms] - [insert into shopcar (userid,productid,amount)
							values (?,?,?)] - `1`, `10`, `1`
[ORM]2020/08/13 15:20:38  -[Queries/default] - [  OK /    db.Query /     0.9ms] - [select s.*,p.name,p.price,p.images from shopcar s join products p on s.productid=p.id where userid=?] - `1`
[ORM]2020/08/13 15:20:43  -[Queries/default] - [  OK /    db.Query /     0.0ms] - [select * from products where id=?] - `10`
[ORM]2020/08/13 15:20:44  -[Queries/default] - [FAIL /    db.Query /     0.0ms] - [select amount from shopcar where userid=? and productid=?,] - `1`, `10` - Error 1064: You have an error in your SQL syntax; check the manual that corresponds to your MySQL server version for the right syntax to use near '' at line 1
[ORM]2020/08/13 15:20:44  -[Queries/default] - [  OK /     db.Exec /     0.9ms] - [insert into shopcar (userid,productid,amount)
							values (?,?,?)] - `1`, `10`, `1`
[ORM]2020/08/13 15:20:44  -[Queries/default] - [  OK /    db.Query /     0.0ms] - [select s.*,p.name,p.price,p.images from shopcar s join products p on s.productid=p.id where userid=?] - `1`
[ORM]2020/08/13 15:21:49  -[Queries/default] - [  OK /    db.Query /     0.9ms] - [select s.*,p.name,p.price,p.images from shopcar s join products p on s.productid=p.id where userid=?] - `1`
[ORM]2020/08/13 15:21:54  -[Queries/default] - [  OK /    db.Query /     0.9ms] - [select * from products where id=?] - `10`
[ORM]2020/08/13 15:21:54  -[Queries/default] - [  OK /    db.Query /     0.0ms] - [select amount from shopcar where userid=? and productid=?] - `1`, `10`
[ORM]2020/08/13 15:21:54  -[Queries/default] - [  OK /     db.Exec /     0.0ms] - [update shopcar set amount=? where userid=? and id=?] - `1`, `1`, `10`
[ORM]2020/08/13 15:21:54  -[Queries/default] - [  OK /    db.Query /     1.0ms] - [select s.*,p.name,p.price,p.images from shopcar s join products p on s.productid=p.id where userid=?] - `1`
[ORM]2020/08/13 15:21:58  -[Queries/default] - [  OK /    db.Query /     0.0ms] - [select * from products where id=?] - `10`
[ORM]2020/08/13 15:22:01  -[Queries/default] - [  OK /    db.Query /     0.9ms] - [select s.*,p.name,p.price,p.images from shopcar s join products p on s.productid=p.id where userid=?] - `1`
[ORM]2020/08/13 15:22:02  -[Queries/default] - [  OK /     db.Exec /     0.9ms] - [delete from shopcar where id=? and userid=?] - `24`, `1`
[ORM]2020/08/13 15:22:03  -[Queries/default] - [  OK /     db.Exec /     1.0ms] - [delete from shopcar where id=? and userid=?] - `22`, `1`
[ORM]2020/08/13 15:22:03  -[Queries/default] - [  OK /     db.Exec /     0.0ms] - [delete from shopcar where id=? and userid=?] - `23`, `1`
[ORM]2020/08/13 15:22:05  -[Queries/default] - [  OK /    db.Query /     0.9ms] - [select * from products where id=?] - `10`
[ORM]2020/08/13 15:22:06  -[Queries/default] - [  OK /    db.Query /     0.9ms] - [select amount from shopcar where userid=? and productid=?] - `1`, `10`
[ORM]2020/08/13 15:22:06  -[Queries/default] - [  OK /     db.Exec /     0.0ms] - [insert into shopcar (userid,productid,amount)
							values (?,?,?)] - `1`, `10`, `1`
[ORM]2020/08/13 15:22:06  -[Queries/default] - [  OK /    db.Query /     0.9ms] - [select s.*,p.name,p.price,p.images from shopcar s join products p on s.productid=p.id where userid=?] - `1`
[ORM]2020/08/13 15:22:07  -[Queries/default] - [  OK /    db.Query /     0.0ms] - [select * from products where id=?] - `10`
[ORM]2020/08/13 15:22:07  -[Queries/default] - [  OK /    db.Query /     0.0ms] - [select amount from shopcar where userid=? and productid=?] - `1`, `10`
[ORM]2020/08/13 15:22:07  -[Queries/default] - [  OK /     db.Exec /     0.0ms] - [update shopcar set amount=? where userid=? and id=?] - `1`, `1`, `10`
[ORM]2020/08/13 15:22:07  -[Queries/default] - [  OK /    db.Query /     0.0ms] - [select s.*,p.name,p.price,p.images from shopcar s join products p on s.productid=p.id where userid=?] - `1`
[ORM]2020/08/13 15:22:10  -[Queries/default] - [  OK /    db.Query /     0.0ms] - [select s.*,p.name,p.price,p.images from shopcar s join products p on s.productid=p.id where userid=?] - `1`
[ORM]2020/08/13 15:27:14  -[Queries/default] - [  OK /    db.Query /     1.0ms] - [select s.*,p.name,p.price,p.images from shopcar s join products p on s.productid=p.id where userid=?] - `1`
[ORM]2020/08/13 15:27:15  -[Queries/default] - [  OK /    db.Query /     0.0ms] - [select * from products where id=?] - `10`
[ORM]2020/08/13 15:27:16  -[Queries/default] - [  OK /    db.Query /     0.0ms] - [select amount from shopcar where userid=? and productid=?] - `1`, `10`
[ORM]2020/08/13 15:27:26  -[Queries/default] - [  OK /    db.Query /     0.0ms] - [select * from products where id=?] - `10`
[ORM]2020/08/13 15:27:27  -[Queries/default] - [  OK /    db.Query /     0.0ms] - [select amount from shopcar where userid=? and productid=?] - `1`, `10`
[ORM]2020/08/13 15:29:16  -[Queries/default] - [  OK /    db.Query /     1.0ms] - [select * from products where id=?] - `10`
[ORM]2020/08/13 15:29:18  -[Queries/default] - [  OK /    db.Query /     0.0ms] - [select amount from shopcar where userid=? and productid=?] - `1`, `10`
[ORM]2020/08/13 15:29:18  -[Queries/default] - [  OK /     db.Exec /     0.9ms] - [update shopcar set amount=? where userid=? and id=?] - `2`, `1`, `10`
[ORM]2020/08/13 15:29:18  -[Queries/default] - [  OK /    db.Query /     0.9ms] - [select s.*,p.name,p.price,p.images from shopcar s join products p on s.productid=p.id where userid=?] - `1`
[ORM]2020/08/13 15:29:24  -[Queries/default] - [  OK /    db.Query /     1.0ms] - [select * from products where id=?] - `10`
[ORM]2020/08/13 15:29:25  -[Queries/default] - [  OK /    db.Query /     0.9ms] - [select amount from shopcar where userid=? and productid=?] - `1`, `10`
[ORM]2020/08/13 15:29:25  -[Queries/default] - [  OK /     db.Exec /     0.0ms] - [update shopcar set amount=? where userid=? and id=?] - `2`, `1`, `10`
[ORM]2020/08/13 15:29:25  -[Queries/default] - [  OK /    db.Query /     0.9ms] - [select s.*,p.name,p.price,p.images from shopcar s join products p on s.productid=p.id where userid=?] - `1`
[ORM]2020/08/13 15:30:00  -[Queries/default] - [  OK /    db.Query /     0.0ms] - [select s.*,p.name,p.price,p.images from shopcar s join products p on s.productid=p.id where userid=?] - `1`
[ORM]2020/08/13 15:30:19  -[Queries/default] - [  OK /    db.Query /     0.0ms] - [select s.*,p.name,p.price,p.images from shopcar s join products p on s.productid=p.id where userid=?] - `1`
[ORM]2020/08/13 15:30:21  -[Queries/default] - [  OK /    db.Query /     0.0ms] - [select * from products where id=?] - `10`
[ORM]2020/08/13 15:30:23  -[Queries/default] - [  OK /    db.Query /     0.0ms] - [select amount from shopcar where userid=? and productid=?] - `1`, `10`
[ORM]2020/08/13 15:30:23  -[Queries/default] - [  OK /     db.Exec /     0.9ms] - [insert into shopcar (userid,productid,amount)
							values (?,?,?)] - `1`, `10`, `1`
[ORM]2020/08/13 15:30:23  -[Queries/default] - [  OK /    db.Query /     0.0ms] - [select s.*,p.name,p.price,p.images from shopcar s join products p on s.productid=p.id where userid=?] - `1`
[ORM]2020/08/13 15:30:25  -[Queries/default] - [  OK /    db.Query /     0.0ms] - [select * from products where id=?] - `10`
[ORM]2020/08/13 15:30:26  -[Queries/default] - [  OK /    db.Query /     0.0ms] - [select amount from shopcar where userid=? and productid=?] - `1`, `10`
[ORM]2020/08/13 15:30:26  -[Queries/default] - [  OK /     db.Exec /     0.0ms] - [update shopcar set amount=? where userid=? and id=?] - `2`, `1`, `10`
[ORM]2020/08/13 15:30:26  -[Queries/default] - [  OK /    db.Query /     0.0ms] - [select s.*,p.name,p.price,p.images from shopcar s join products p on s.productid=p.id where userid=?] - `1`
[ORM]2020/08/13 15:30:30  -[Queries/default] - [  OK /    db.Query /     0.0ms] - [select * from products where id=?] - `10`
[ORM]2020/08/13 15:30:31  -[Queries/default] - [  OK /    db.Query /     0.0ms] - [select amount from shopcar where userid=? and productid=?] - `1`, `10`
[ORM]2020/08/13 15:30:31  -[Queries/default] - [  OK /     db.Exec /     0.0ms] - [update shopcar set amount=? where userid=? and id=?] - `2`, `1`, `10`
[ORM]2020/08/13 15:30:31  -[Queries/default] - [  OK /    db.Query /     0.9ms] - [select s.*,p.name,p.price,p.images from shopcar s join products p on s.productid=p.id where userid=?] - `1`
[ORM]2020/08/13 15:30:33  -[Queries/default] - [  OK /    db.Query /     0.0ms] - [select * from products where id=?] - `10`
[ORM]2020/08/13 15:30:36  -[Queries/default] - [  OK /    db.Query /     0.0ms] - [select amount from shopcar where userid=? and productid=?] - `1`, `10`
[ORM]2020/08/13 15:30:36  -[Queries/default] - [  OK /     db.Exec /     0.0ms] - [update shopcar set amount=? where userid=? and id=?] - `2`, `1`, `10`
[ORM]2020/08/13 15:30:36  -[Queries/default] - [  OK /    db.Query /     0.9ms] - [select s.*,p.name,p.price,p.images from shopcar s join products p on s.productid=p.id where userid=?] - `1`
[ORM]2020/08/13 15:30:38  -[Queries/default] - [  OK /    db.Query /     0.0ms] - [select * from products where id=?] - `10`
[ORM]2020/08/13 15:31:35  -[Queries/default] - [  OK /    db.Query /     0.9ms] - [select * from products where id=?] - `10`
[ORM]2020/08/13 15:31:36  -[Queries/default] - [  OK /    db.Query /     0.0ms] - [select amount from shopcar where userid=? and productid=?] - `1`, `10`
[ORM]2020/08/13 15:31:36  -[Queries/default] - [  OK /     db.Exec /     0.0ms] - [update shopcar set amount=? where userid=? and id=?] - `2`, `1`, `10`
[ORM]2020/08/13 15:31:36  -[Queries/default] - [  OK /    db.Query /     0.0ms] - [select s.*,p.name,p.price,p.images from shopcar s join products p on s.productid=p.id where userid=?] - `1`
[ORM]2020/08/13 15:31:48  -[Queries/default] - [  OK /     db.Exec /     0.9ms] - [update shopcar set amount=?, ischeck=? where userid=? and id=?] - `2`, `0`, `1`, `26`
[ORM]2020/08/13 15:31:49  -[Queries/default] - [  OK /    db.Query /     0.0ms] - [select * from products where id=?] - `10`
[ORM]2020/08/13 15:31:50  -[Queries/default] - [  OK /    db.Query /     0.0ms] - [select amount from shopcar where userid=? and productid=?] - `1`, `10`
[ORM]2020/08/13 15:31:50  -[Queries/default] - [  OK /     db.Exec /     0.0ms] - [update shopcar set amount=? where userid=? and id=?] - `3`, `1`, `10`
[ORM]2020/08/13 15:31:50  -[Queries/default] - [  OK /    db.Query /     0.0ms] - [select s.*,p.name,p.price,p.images from shopcar s join products p on s.productid=p.id where userid=?] - `1`
[ORM]2020/08/13 15:32:38  -[Queries/default] - [  OK /    db.Query /     0.9ms] - [select s.*,p.name,p.price,p.images from shopcar s join products p on s.productid=p.id where userid=?] - `1`
[ORM]2020/08/13 15:32:39  -[Queries/default] - [  OK /    db.Query /     0.9ms] - [select * from products where id=?] - `10`
[ORM]2020/08/13 15:32:39  -[Queries/default] - [  OK /    db.Query /     0.0ms] - [select amount from shopcar where userid=? and productid=?] - `1`, `10`
[ORM]2020/08/13 15:32:39  -[Queries/default] - [  OK /     db.Exec /     0.0ms] - [update shopcar set amount=? where userid=? and productid=?] - `3`, `1`, `10`
[ORM]2020/08/13 15:32:39  -[Queries/default] - [  OK /    db.Query /     0.9ms] - [select s.*,p.name,p.price,p.images from shopcar s join products p on s.productid=p.id where userid=?] - `1`
[ORM]2020/08/13 15:32:41  -[Queries/default] - [  OK /    db.Query /     0.9ms] - [select * from products where id=?] - `10`
[ORM]2020/08/13 15:32:43  -[Queries/default] - [  OK /    db.Query /     0.0ms] - [select amount from shopcar where userid=? and productid=?] - `1`, `10`
[ORM]2020/08/13 15:32:43  -[Queries/default] - [  OK /     db.Exec /     0.0ms] - [update shopcar set amount=? where userid=? and productid=?] - `4`, `1`, `10`
[ORM]2020/08/13 15:32:43  -[Queries/default] - [  OK /    db.Query /     0.0ms] - [select s.*,p.name,p.price,p.images from shopcar s join products p on s.productid=p.id where userid=?] - `1`
[ORM]2020/08/13 15:32:44  -[Queries/default] - [  OK /    db.Query /     0.9ms] - [select * from products where id=?] - `10`
[ORM]2020/08/13 15:32:46  -[Queries/default] - [  OK /    db.Query /     0.9ms] - [select username,email,phone from users where id=?] - `1`
