[ORM]2020/08/04 17:01:28  -[Queries/default] - [  OK /    db.Query /     0.9ms] - [select s.*,p.name,p.price,p.images from shopcar s join products p on s.productid=p.id where userid=?] - `1`
[ORM]2020/08/04 17:01:31  -[Queries/default] - [  OK /     db.Exec /     0.0ms] - [update shopcar set amount=? where userid=? and productid=?] - ``, `1`, ``
[ORM]2020/08/04 17:01:54  -[Queries/default] - [  OK /    db.Query /     0.0ms] - [select s.*,p.name,p.price,p.images from shopcar s join products p on s.productid=p.id where userid=?] - `1`
[ORM]2020/08/04 17:01:56  -[Queries/default] - [  OK /     db.Exec /     0.0ms] - [update shopcar set amount=? where userid=? and productid=?] - ``, `1`, ``
[ORM]2020/08/04 17:06:44  -[Queries/default] - [  OK /    db.Query /     0.9ms] - [select s.*,p.name,p.price,p.images from shopcar s join products p on s.productid=p.id where userid=?] - `1`
[ORM]2020/08/04 17:06:47  -[Queries/default] - [  OK /     db.Exec /     0.0ms] - [update shopcar set amount=? where userid=? and productid=?] - `2`, `1`, `10`
[ORM]2020/08/04 17:07:52  -[Queries/default] - [  OK /    db.Query /     0.0ms] - [select s.*,p.name,p.price,p.images from shopcar s join products p on s.productid=p.id where userid=?] - `1`
[ORM]2020/08/04 17:07:54  -[Queries/default] - [  OK /     db.Exec /     0.9ms] - [update shopcar set amount=? where userid=? and productid=?] - `2`, `1`, `10`
[ORM]2020/08/04 17:07:56  -[Queries/default] - [  OK /     db.Exec /     0.0ms] - [update shopcar set amount=? where userid=? and productid=?] - `3`, `1`, `10`
[ORM]2020/08/04 17:07:57  -[Queries/default] - [  OK /     db.Exec /     0.9ms] - [update shopcar set amount=? where userid=? and productid=?] - `2`, `1`, `10`
[ORM]2020/08/04 17:07:57  -[Queries/default] - [  OK /     db.Exec /     0.0ms] - [update shopcar set amount=? where userid=? and productid=?] - `3`, `1`, `10`
[ORM]2020/08/04 17:07:58  -[Queries/default] - [  OK /     db.Exec /     0.0ms] - [update shopcar set amount=? where userid=? and productid=?] - `4`, `1`, `10`
[ORM]2020/08/04 17:07:59  -[Queries/default] - [  OK /     db.Exec /     0.0ms] - [update shopcar set amount=? where userid=? and productid=?] - `5`, `1`, `10`
[ORM]2020/08/04 17:08:00  -[Queries/default] - [  OK /     db.Exec /     0.0ms] - [update shopcar set amount=? where userid=? and productid=?] - `6`, `1`, `10`
[ORM]2020/08/04 17:08:00  -[Queries/default] - [  OK /     db.Exec /     0.0ms] - [update shopcar set amount=? where userid=? and productid=?] - `7`, `1`, `10`
[ORM]2020/08/04 17:09:07  -[Queries/default] - [  OK /    db.Query /     0.0ms] - [select s.*,p.name,p.price,p.images from shopcar s join products p on s.productid=p.id where userid=?] - `1`
[ORM]2020/08/04 17:09:20  -[Queries/default] - [  OK /     db.Exec /     0.9ms] - [update shopcar set amount=? where userid=? and id=?] - `2`, `1`, `4`
[ORM]2020/08/04 17:09:20  -[Queries/default] - [  OK /     db.Exec /     0.0ms] - [update shopcar set amount=? where userid=? and id=?] - `3`, `1`, `4`
[ORM]2020/08/04 17:09:20  -[Queries/default] - [  OK /     db.Exec /     0.0ms] - [update shopcar set amount=? where userid=? and id=?] - `4`, `1`, `4`
[ORM]2020/08/04 17:09:21  -[Queries/default] - [  OK /     db.Exec /     0.0ms] - [update shopcar set amount=? where userid=? and id=?] - `5`, `1`, `4`
[ORM]2020/08/04 17:09:21  -[Queries/default] - [  OK /     db.Exec /     0.9ms] - [update shopcar set amount=? where userid=? and id=?] - `6`, `1`, `4`
[ORM]2020/08/04 17:09:21  -[Queries/default] - [  OK /     db.Exec /     0.0ms] - [update shopcar set amount=? where userid=? and id=?] - `7`, `1`, `4`
[ORM]2020/08/04 17:09:23  -[Queries/default] - [  OK /    db.Query /     0.9ms] - [select s.*,p.name,p.price,p.images from shopcar s join products p on s.productid=p.id where userid=?] - `1`
[ORM]2020/08/04 17:09:25  -[Queries/default] - [  OK /     db.Exec /     0.9ms] - [update shopcar set amount=? where userid=? and id=?] - `8`, `1`, `4`
[ORM]2020/08/04 17:09:25  -[Queries/default] - [  OK /     db.Exec /     0.0ms] - [update shopcar set amount=? where userid=? and id=?] - `9`, `1`, `4`
[ORM]2020/08/04 17:09:25  -[Queries/default] - [  OK /     db.Exec /     0.9ms] - [update shopcar set amount=? where userid=? and id=?] - `10`, `1`, `4`
[ORM]2020/08/04 17:09:25  -[Queries/default] - [  OK /     db.Exec /     0.0ms] - [update shopcar set amount=? where userid=? and id=?] - `11`, `1`, `4`
[ORM]2020/08/04 17:09:27  -[Queries/default] - [  OK /    db.Query /     0.9ms] - [select s.*,p.name,p.price,p.images from shopcar s join products p on s.productid=p.id where userid=?] - `1`
[ORM]2020/08/04 17:09:28  -[Queries/default] - [  OK /     db.Exec /     0.0ms] - [update shopcar set amount=? where userid=? and id=?] - `10`, `1`, `4`
[ORM]2020/08/04 17:09:28  -[Queries/default] - [  OK /     db.Exec /     0.0ms] - [update shopcar set amount=? where userid=? and id=?] - `9`, `1`, `4`
[ORM]2020/08/04 17:09:28  -[Queries/default] - [  OK /     db.Exec /     0.0ms] - [update shopcar set amount=? where userid=? and id=?] - `8`, `1`, `4`
[ORM]2020/08/04 17:09:28  -[Queries/default] - [  OK /     db.Exec /     0.0ms] - [update shopcar set amount=? where userid=? and id=?] - `7`, `1`, `4`
[ORM]2020/08/04 17:09:28  -[Queries/default] - [  OK /     db.Exec /     0.0ms] - [update shopcar set amount=? where userid=? and id=?] - `6`, `1`, `4`
[ORM]2020/08/04 17:09:28  -[Queries/default] - [  OK /     db.Exec /     0.0ms] - [update shopcar set amount=? where userid=? and id=?] - `5`, `1`, `4`
[ORM]2020/08/04 17:09:29  -[Queries/default] - [  OK /     db.Exec /     0.9ms] - [update shopcar set amount=? where userid=? and id=?] - `4`, `1`, `4`
[ORM]2020/08/04 17:09:29  -[Queries/default] - [  OK /     db.Exec /     1.0ms] - [update shopcar set amount=? where userid=? and id=?] - `3`, `1`, `4`
[ORM]2020/08/04 17:09:29  -[Queries/default] - [  OK /     db.Exec /     0.9ms] - [update shopcar set amount=? where userid=? and id=?] - `2`, `1`, `4`
[ORM]2020/08/04 17:09:29  -[Queries/default] - [  OK /     db.Exec /     0.0ms] - [update shopcar set amount=? where userid=? and id=?] - `1`, `1`, `4`
[ORM]2020/08/04 17:09:30  -[Queries/default] - [  OK /    db.Query /     0.0ms] - [select s.*,p.name,p.price,p.images from shopcar s join products p on s.productid=p.id where userid=?] - `1`
[ORM]2020/08/04 17:09:34  -[Queries/default] - [  OK /    db.Query /     1.0ms] - [select s.*,p.name,p.price,p.images from shopcar s join products p on s.productid=p.id where userid=?] - `1`
[ORM]2020/08/04 17:09:38  -[Queries/default] - [  OK /    db.Query /     0.9ms] - [select s.*,p.name,p.price,p.images from shopcar s join products p on s.productid=p.id where userid=?] - `1`
[ORM]2020/08/04 17:09:42  -[Queries/default] - [  OK /     db.Exec /     0.9ms] - [update shopcar set amount=? where userid=? and id=?] - `101`, `1`, `4`
[ORM]2020/08/04 17:09:43  -[Queries/default] - [  OK /    db.Query /     0.0ms] - [select s.*,p.name,p.price,p.images from shopcar s join products p on s.productid=p.id where userid=?] - `1`
[ORM]2020/08/04 17:11:33  -[Queries/default] - [  OK /    db.Query /     0.0ms] - [select s.*,p.name,p.price,p.images from shopcar s join products p on s.productid=p.id where userid=?] - `1`
[ORM]2020/08/04 17:11:53  -[Queries/default] - [  OK /    db.Query /     0.9ms] - [select s.*,p.name,p.price,p.images from shopcar s join products p on s.productid=p.id where userid=?] - `1`
[ORM]2020/08/04 17:11:54  -[Queries/default] - [  OK /     db.Exec /     0.0ms] - [update shopcar set amount=? where userid=? and id=?] - `2`, `1`, `10`
[ORM]2020/08/04 17:11:55  -[Queries/default] - [  OK /     db.Exec /     0.0ms] - [update shopcar set amount=? where userid=? and id=?] - `1`, `1`, `10`
[ORM]2020/08/04 17:12:04  -[Queries/default] - [  OK /     db.Exec /     0.0ms] - [update shopcar set amount=? where userid=? and id=?] - `11`, `1`, `10`
[ORM]2020/08/04 17:12:04  -[Queries/default] - [  OK /     db.Exec /     0.9ms] - [update shopcar set amount=? where userid=? and id=?] - `12`, `1`, `10`
[ORM]2020/08/04 17:12:05  -[Queries/default] - [  OK /     db.Exec /     0.0ms] - [update shopcar set amount=? where userid=? and id=?] - `13`, `1`, `10`
[ORM]2020/08/04 17:12:05  -[Queries/default] - [  OK /     db.Exec /     0.0ms] - [update shopcar set amount=? where userid=? and id=?] - `14`, `1`, `10`
[ORM]2020/08/04 17:12:05  -[Queries/default] - [  OK /     db.Exec /     0.0ms] - [update shopcar set amount=? where userid=? and id=?] - `15`, `1`, `10`
[ORM]2020/08/04 17:12:05  -[Queries/default] - [  OK /     db.Exec /     1.0ms] - [update shopcar set amount=? where userid=? and id=?] - `16`, `1`, `10`
[ORM]2020/08/04 17:12:06  -[Queries/default] - [  OK /     db.Exec /     0.0ms] - [update shopcar set amount=? where userid=? and id=?] - `15`, `1`, `10`
[ORM]2020/08/04 17:12:06  -[Queries/default] - [  OK /     db.Exec /     0.9ms] - [update shopcar set amount=? where userid=? and id=?] - `14`, `1`, `10`
[ORM]2020/08/04 17:12:06  -[Queries/default] - [  OK /     db.Exec /     0.9ms] - [update shopcar set amount=? where userid=? and id=?] - `13`, `1`, `10`
[ORM]2020/08/04 17:12:06  -[Queries/default] - [  OK /     db.Exec /     0.9ms] - [update shopcar set amount=? where userid=? and id=?] - `12`, `1`, `10`
[ORM]2020/08/04 17:12:06  -[Queries/default] - [  OK /     db.Exec /     0.9ms] - [update shopcar set amount=? where userid=? and id=?] - `11`, `1`, `10`
[ORM]2020/08/04 17:12:06  -[Queries/default] - [  OK /     db.Exec /     1.0ms] - [update shopcar set amount=? where userid=? and id=?] - `10`, `1`, `10`
[ORM]2020/08/04 17:12:06  -[Queries/default] - [  OK /     db.Exec /     0.9ms] - [update shopcar set amount=? where userid=? and id=?] - `9`, `1`, `10`
[ORM]2020/08/04 17:12:07  -[Queries/default] - [  OK /     db.Exec /     0.0ms] - [update shopcar set amount=? where userid=? and id=?] - `8`, `1`, `10`
[ORM]2020/08/04 17:12:07  -[Queries/default] - [  OK /     db.Exec /     0.0ms] - [update shopcar set amount=? where userid=? and id=?] - `7`, `1`, `10`
[ORM]2020/08/04 17:12:07  -[Queries/default] - [  OK /     db.Exec /     0.0ms] - [update shopcar set amount=? where userid=? and id=?] - `6`, `1`, `10`
[ORM]2020/08/04 17:12:07  -[Queries/default] - [  OK /     db.Exec /     0.9ms] - [update shopcar set amount=? where userid=? and id=?] - `5`, `1`, `10`
[ORM]2020/08/04 17:12:07  -[Queries/default] - [  OK /     db.Exec /     1.0ms] - [update shopcar set amount=? where userid=? and id=?] - `4`, `1`, `10`
[ORM]2020/08/04 17:12:08  -[Queries/default] - [  OK /     db.Exec /     0.0ms] - [update shopcar set amount=? where userid=? and id=?] - `3`, `1`, `10`
[ORM]2020/08/04 17:12:08  -[Queries/default] - [  OK /     db.Exec /     0.0ms] - [update shopcar set amount=? where userid=? and id=?] - `2`, `1`, `10`
[ORM]2020/08/04 17:12:08  -[Queries/default] - [  OK /     db.Exec /     1.0ms] - [update shopcar set amount=? where userid=? and id=?] - `1`, `1`, `10`
[ORM]2020/08/04 17:12:39  -[Queries/default] - [  OK /     db.Exec /     0.9ms] - [update shopcar set amount=? where userid=? and id=?] - `101`, `1`, `3`
[ORM]2020/08/04 17:12:39  -[Queries/default] - [  OK /     db.Exec /     0.9ms] - [update shopcar set amount=? where userid=? and id=?] - `102`, `1`, `3`
[ORM]2020/08/04 17:12:39  -[Queries/default] - [  OK /     db.Exec /     0.0ms] - [update shopcar set amount=? where userid=? and id=?] - `103`, `1`, `3`
[ORM]2020/08/04 17:12:40  -[Queries/default] - [  OK /     db.Exec /     0.0ms] - [update shopcar set amount=? where userid=? and id=?] - `102`, `1`, `3`
[ORM]2020/08/04 17:12:40  -[Queries/default] - [  OK /     db.Exec /     0.0ms] - [update shopcar set amount=? where userid=? and id=?] - `101`, `1`, `3`
[ORM]2020/08/04 17:12:46  -[Queries/default] - [  OK /    db.Query /     0.0ms] - [select s.*,p.name,p.price,p.images from shopcar s join products p on s.productid=p.id where userid=?] - `1`
[ORM]2020/08/04 17:15:46  -[Queries/default] - [  OK /    db.Query /     0.9ms] - [select s.*,p.name,p.price,p.images from shopcar s join products p on s.productid=p.id where userid=?] - `1`
[ORM]2020/08/04 17:15:47  -[Queries/default] - [  OK /     db.Exec /     0.0ms] - [update shopcar set amount=? where userid=? and id=?] - `2`, `1`, `10`
[ORM]2020/08/04 17:16:34  -[Queries/default] - [  OK /    db.Query /     0.0ms] - [select s.*,p.name,p.price,p.images from shopcar s join products p on s.productid=p.id where userid=?] - `1`
[ORM]2020/08/04 17:17:02  -[Queries/default] - [  OK /    db.Query /     0.9ms] - [select s.*,p.name,p.price,p.images from shopcar s join products p on s.productid=p.id where userid=?] - `1`
[ORM]2020/08/04 17:17:03  -[Queries/default] - [  OK /     db.Exec /     0.9ms] - [update shopcar set amount=? where userid=? and id=?] - `12`, `1`, `10`
[ORM]2020/08/04 17:17:07  -[Queries/default] - [  OK /     db.Exec /     0.0ms] - [update shopcar set amount=? where userid=? and id=?] - `121`, `1`, `10`
[ORM]2020/08/04 17:17:09  -[Queries/default] - [  OK /     db.Exec /     0.9ms] - [update shopcar set amount=? where userid=? and id=?] - `12`, `1`, `10`
[ORM]2020/08/04 17:17:09  -[Queries/default] - [  OK /     db.Exec /     0.0ms] - [update shopcar set amount=? where userid=? and id=?] - `1`, `1`, `10`
[ORM]2020/08/04 17:17:10  -[Queries/default] - [FAIL /     db.Exec /     0.9ms] - [update shopcar set amount=? where userid=? and id=?] - ``, `1`, `10` - Error 1366: Incorrect integer value: '' for column 'amount' at row 1
[ORM]2020/08/04 17:17:10  -[Queries/default] - [  OK /     db.Exec /     0.9ms] - [update shopcar set amount=? where userid=? and id=?] - `1`, `1`, `10`
[ORM]2020/08/04 17:17:10  -[Queries/default] - [  OK /     db.Exec /     0.0ms] - [update shopcar set amount=? where userid=? and id=?] - `12`, `1`, `10`
[ORM]2020/08/04 17:17:11  -[Queries/default] - [  OK /     db.Exec /     0.0ms] - [update shopcar set amount=? where userid=? and id=?] - `123`, `1`, `10`
[ORM]2020/08/04 17:17:19  -[Queries/default] - [  OK /     db.Exec /     0.9ms] - [update shopcar set amount=? where userid=? and id=?] - `1123`, `1`, `10`
[ORM]2020/08/04 17:17:19  -[Queries/default] - [  OK /     db.Exec /     0.0ms] - [update shopcar set amount=? where userid=? and id=?] - `11123`, `1`, `10`
[ORM]2020/08/04 17:17:19  -[Queries/default] - [  OK /     db.Exec /     0.9ms] - [update shopcar set amount=? where userid=? and id=?] - `111123`, `1`, `10`
[ORM]2020/08/04 17:17:19  -[Queries/default] - [  OK /     db.Exec /     0.9ms] - [update shopcar set amount=? where userid=? and id=?] - `1111123`, `1`, `10`
[ORM]2020/08/04 17:17:19  -[Queries/default] - [  OK /     db.Exec /     0.0ms] - [update shopcar set amount=? where userid=? and id=?] - `11111123`, `1`, `10`
[ORM]2020/08/04 17:17:20  -[Queries/default] - [  OK /     db.Exec /     0.9ms] - [update shopcar set amount=? where userid=? and id=?] - `111111123`, `1`, `10`
[ORM]2020/08/04 17:17:20  -[Queries/default] - [  OK /     db.Exec /     0.9ms] - [update shopcar set amount=? where userid=? and id=?] - `1111111123`, `1`, `10`
[ORM]2020/08/04 17:17:20  -[Queries/default] - [FAIL /     db.Exec /     0.9ms] - [update shopcar set amount=? where userid=? and id=?] - `11111111123`, `1`, `10` - Error 1264: Out of range value for column 'amount' at row 1
[ORM]2020/08/04 17:17:20  -[Queries/default] - [FAIL /     db.Exec /     0.0ms] - [update shopcar set amount=? where userid=? and id=?] - `111111111123`, `1`, `10` - Error 1264: Out of range value for column 'amount' at row 1
[ORM]2020/08/04 17:17:20  -[Queries/default] - [FAIL /     db.Exec /     0.9ms] - [update shopcar set amount=? where userid=? and id=?] - `1111111111123`, `1`, `10` - Error 1264: Out of range value for column 'amount' at row 1
[ORM]2020/08/04 17:17:20  -[Queries/default] - [FAIL /     db.Exec /     0.0ms] - [update shopcar set amount=? where userid=? and id=?] - `11111111111123`, `1`, `10` - Error 1264: Out of range value for column 'amount' at row 1
[ORM]2020/08/04 17:17:20  -[Queries/default] - [FAIL /     db.Exec /     1.0ms] - [update shopcar set amount=? where userid=? and id=?] - `111111111111123`, `1`, `10` - Error 1264: Out of range value for column 'amount' at row 1
[ORM]2020/08/04 17:17:20  -[Queries/default] - [FAIL /     db.Exec /     0.0ms] - [update shopcar set amount=? where userid=? and id=?] - `1111111111111123`, `1`, `10` - Error 1264: Out of range value for column 'amount' at row 1
[ORM]2020/08/04 17:17:20  -[Queries/default] - [FAIL /     db.Exec /     0.0ms] - [update shopcar set amount=? where userid=? and id=?] - `11111111111111123`, `1`, `10` - Error 1264: Out of range value for column 'amount' at row 1
[ORM]2020/08/04 17:17:20  -[Queries/default] - [FAIL /     db.Exec /     0.0ms] - [update shopcar set amount=? where userid=? and id=?] - `111111111111111123`, `1`, `10` - Error 1264: Out of range value for column 'amount' at row 1
[ORM]2020/08/04 17:17:20  -[Queries/default] - [FAIL /     db.Exec /     0.0ms] - [update shopcar set amount=? where userid=? and id=?] - `1111111111111111123`, `1`, `10` - Error 1264: Out of range value for column 'amount' at row 1
[ORM]2020/08/04 17:17:20  -[Queries/default] - [FAIL /     db.Exec /     0.0ms] - [update shopcar set amount=? where userid=? and id=?] - `11111111111111111123`, `1`, `10` - Error 1264: Out of range value for column 'amount' at row 1
[ORM]2020/08/04 17:17:20  -[Queries/default] - [FAIL /     db.Exec /     0.0ms] - [update shopcar set amount=? where userid=? and id=?] - `111111111111111111123`, `1`, `10` - Error 1264: Out of range value for column 'amount' at row 1
[ORM]2020/08/04 17:17:20  -[Queries/default] - [FAIL /     db.Exec /     0.0ms] - [update shopcar set amount=? where userid=? and id=?] - `1111111111111111111123`, `1`, `10` - Error 1264: Out of range value for column 'amount' at row 1
[ORM]2020/08/04 17:17:20  -[Queries/default] - [FAIL /     db.Exec /     0.0ms] - [update shopcar set amount=? where userid=? and id=?] - `11111111111111111111123`, `1`, `10` - Error 1264: Out of range value for column 'amount' at row 1
[ORM]2020/08/04 17:17:20  -[Queries/default] - [FAIL /     db.Exec /     0.9ms] - [update shopcar set amount=? where userid=? and id=?] - `111111111111111111111123`, `1`, `10` - Error 1264: Out of range value for column 'amount' at row 1
[ORM]2020/08/04 17:17:20  -[Queries/default] - [FAIL /     db.Exec /     0.0ms] - [update shopcar set amount=? where userid=? and id=?] - `1111111111111111111111123`, `1`, `10` - Error 1264: Out of range value for column 'amount' at row 1
[ORM]2020/08/04 17:17:20  -[Queries/default] - [FAIL /     db.Exec /     0.9ms] - [update shopcar set amount=? where userid=? and id=?] - `11111111111111111111111123`, `1`, `10` - Error 1264: Out of range value for column 'amount' at row 1
[ORM]2020/08/04 17:17:20  -[Queries/default] - [FAIL /     db.Exec /     0.0ms] - [update shopcar set amount=? where userid=? and id=?] - `111111111111111111111111123`, `1`, `10` - Error 1264: Out of range value for column 'amount' at row 1
[ORM]2020/08/04 17:17:20  -[Queries/default] - [FAIL /     db.Exec /     0.9ms] - [update shopcar set amount=? where userid=? and id=?] - `1111111111111111111111111123`, `1`, `10` - Error 1264: Out of range value for column 'amount' at row 1
[ORM]2020/08/04 17:17:20  -[Queries/default] - [FAIL /     db.Exec /     0.9ms] - [update shopcar set amount=? where userid=? and id=?] - `11111111111111111111111111123`, `1`, `10` - Error 1264: Out of range value for column 'amount' at row 1
[ORM]2020/08/04 17:17:20  -[Queries/default] - [FAIL /     db.Exec /     0.0ms] - [update shopcar set amount=? where userid=? and id=?] - `111111111111111111111111111123`, `1`, `10` - Error 1264: Out of range value for column 'amount' at row 1
[ORM]2020/08/04 17:17:20  -[Queries/default] - [FAIL /     db.Exec /     1.0ms] - [update shopcar set amount=? where userid=? and id=?] - `1111111111111111111111111111123`, `1`, `10` - Error 1264: Out of range value for column 'amount' at row 1
[ORM]2020/08/04 17:17:20  -[Queries/default] - [FAIL /     db.Exec /     0.0ms] - [update shopcar set amount=? where userid=? and id=?] - `11111111111111111111111111111123`, `1`, `10` - Error 1264: Out of range value for column 'amount' at row 1
[ORM]2020/08/04 17:17:20  -[Queries/default] - [FAIL /     db.Exec /     0.0ms] - [update shopcar set amount=? where userid=? and id=?] - `111111111111111111111111111111123`, `1`, `10` - Error 1264: Out of range value for column 'amount' at row 1
[ORM]2020/08/04 17:17:20  -[Queries/default] - [FAIL /     db.Exec /     0.0ms] - [update shopcar set amount=? where userid=? and id=?] - `1111111111111111111111111111111123`, `1`, `10` - Error 1264: Out of range value for column 'amount' at row 1
[ORM]2020/08/04 17:17:20  -[Queries/default] - [FAIL /     db.Exec /     0.0ms] - [update shopcar set amount=? where userid=? and id=?] - `11111111111111111111111111111111123`, `1`, `10` - Error 1264: Out of range value for column 'amount' at row 1
[ORM]2020/08/04 17:17:20  -[Queries/default] - [FAIL /     db.Exec /     0.0ms] - [update shopcar set amount=? where userid=? and id=?] - `111111111111111111111111111111111123`, `1`, `10` - Error 1264: Out of range value for column 'amount' at row 1
[ORM]2020/08/04 17:17:21  -[Queries/default] - [FAIL /     db.Exec /     0.9ms] - [update shopcar set amount=? where userid=? and id=?] - `1111111111111111111111111111111111123`, `1`, `10` - Error 1264: Out of range value for column 'amount' at row 1
[ORM]2020/08/04 17:17:21  -[Queries/default] - [FAIL /     db.Exec /     0.0ms] - [update shopcar set amount=? where userid=? and id=?] - `11111111111111111111111111111111111123`, `1`, `10` - Error 1264: Out of range value for column 'amount' at row 1
[ORM]2020/08/04 17:17:21  -[Queries/default] - [FAIL /     db.Exec /     0.0ms] - [update shopcar set amount=? where userid=? and id=?] - `111111111111111111111111111111111111123`, `1`, `10` - Error 1264: Out of range value for column 'amount' at row 1
[ORM]2020/08/04 17:17:21  -[Queries/default] - [FAIL /     db.Exec /     0.0ms] - [update shopcar set amount=? where userid=? and id=?] - `1111111111111111111111111111111111111123`, `1`, `10` - Error 1264: Out of range value for column 'amount' at row 1
[ORM]2020/08/04 17:17:21  -[Queries/default] - [FAIL /     db.Exec /     0.0ms] - [update shopcar set amount=? where userid=? and id=?] - `11111111111111111111111111111111111111123`, `1`, `10` - Error 1264: Out of range value for column 'amount' at row 1
[ORM]2020/08/04 17:17:21  -[Queries/default] - [FAIL /     db.Exec /     0.0ms] - [update shopcar set amount=? where userid=? and id=?] - `111111111111111111111111111111111111111123`, `1`, `10` - Error 1264: Out of range value for column 'amount' at row 1
[ORM]2020/08/04 17:17:21  -[Queries/default] - [FAIL /     db.Exec /     0.0ms] - [update shopcar set amount=? where userid=? and id=?] - `1111111111111111111111111111111111111111123`, `1`, `10` - Error 1264: Out of range value for column 'amount' at row 1
[ORM]2020/08/04 17:17:21  -[Queries/default] - [FAIL /     db.Exec /     0.0ms] - [update shopcar set amount=? where userid=? and id=?] - `11111111111111111111111111111111111111111123`, `1`, `10` - Error 1264: Out of range value for column 'amount' at row 1
[ORM]2020/08/04 17:17:21  -[Queries/default] - [FAIL /     db.Exec /     0.9ms] - [update shopcar set amount=? where userid=? and id=?] - `111111111111111111111111111111111111111111123`, `1`, `10` - Error 1264: Out of range value for column 'amount' at row 1
[ORM]2020/08/04 17:17:21  -[Queries/default] - [FAIL /     db.Exec /     0.0ms] - [update shopcar set amount=? where userid=? and id=?] - `1111111111111111111111111111111111111111111123`, `1`, `10` - Error 1264: Out of range value for column 'amount' at row 1
[ORM]2020/08/04 17:17:21  -[Queries/default] - [FAIL /     db.Exec /     0.0ms] - [update shopcar set amount=? where userid=? and id=?] - `11111111111111111111111111111111111111111111123`, `1`, `10` - Error 1264: Out of range value for column 'amount' at row 1
[ORM]2020/08/04 17:17:21  -[Queries/default] - [FAIL /     db.Exec /     0.0ms] - [update shopcar set amount=? where userid=? and id=?] - `111111111111111111111111111111111111111111111123`, `1`, `10` - Error 1264: Out of range value for column 'amount' at row 1
[ORM]2020/08/04 17:17:21  -[Queries/default] - [FAIL /     db.Exec /     0.9ms] - [update shopcar set amount=? where userid=? and id=?] - `1111111111111111111111111111111111111111111111123`, `1`, `10` - Error 1264: Out of range value for column 'amount' at row 1
[ORM]2020/08/04 17:17:21  -[Queries/default] - [FAIL /     db.Exec /     1.0ms] - [update shopcar set amount=? where userid=? and id=?] - `11111111111111111111111111111111111111111111111123`, `1`, `10` - Error 1264: Out of range value for column 'amount' at row 1
[ORM]2020/08/04 17:19:52  -[Queries/default] - [FAIL /     db.Exec /     0.9ms] - [update shopcar set amount=? where userid=? and id=?] - `111111111111111111111111111111111111111111111111123`, `1`, `10` - Error 1264: Out of range value for column 'amount' at row 1
[ORM]2020/08/04 17:19:52  -[Queries/default] - [FAIL /     db.Exec /     0.0ms] - [update shopcar set amount=? where userid=? and id=?] - `1111111111111111111111111111111111111111111111111123`, `1`, `10` - Error 1264: Out of range value for column 'amount' at row 1
[ORM]2020/08/04 17:19:52  -[Queries/default] - [FAIL /     db.Exec /     0.0ms] - [update shopcar set amount=? where userid=? and id=?] - `11111111111111111111111111111111111111111111111111123`, `1`, `10` - Error 1264: Out of range value for column 'amount' at row 1
[ORM]2020/08/04 17:19:52  -[Queries/default] - [FAIL /     db.Exec /     0.0ms] - [update shopcar set amount=? where userid=? and id=?] - `111111111111111111111111111111111111111111111111111123`, `1`, `10` - Error 1264: Out of range value for column 'amount' at row 1
[ORM]2020/08/04 17:19:52  -[Queries/default] - [FAIL /     db.Exec /     0.0ms] - [update shopcar set amount=? where userid=? and id=?] - `1111111111111111111111111111111111111111111111111111123`, `1`, `10` - Error 1264: Out of range value for column 'amount' at row 1
[ORM]2020/08/04 17:19:52  -[Queries/default] - [FAIL /     db.Exec /     0.9ms] - [update shopcar set amount=? where userid=? and id=?] - `11111111111111111111111111111111111111111111111111111123`, `1`, `10` - Error 1264: Out of range value for column 'amount' at row 1
[ORM]2020/08/04 17:19:52  -[Queries/default] - [FAIL /     db.Exec /     0.0ms] - [update shopcar set amount=? where userid=? and id=?] - `111111111111111111111111111111111111111111111111111111123`, `1`, `10` - Error 1264: Out of range value for column 'amount' at row 1
[ORM]2020/08/04 17:19:52  -[Queries/default] - [FAIL /     db.Exec /     0.0ms] - [update shopcar set amount=? where userid=? and id=?] - `1111111111111111111111111111111111111111111111111111111123`, `1`, `10` - Error 1264: Out of range value for column 'amount' at row 1
[ORM]2020/08/04 17:19:53  -[Queries/default] - [FAIL /     db.Exec /     0.0ms] - [update shopcar set amount=? where userid=? and id=?] - `11111111111111111111111111111111111111111111111111111111123`, `1`, `10` - Error 1264: Out of range value for column 'amount' at row 1
[ORM]2020/08/04 17:19:53  -[Queries/default] - [FAIL /     db.Exec /     0.9ms] - [update shopcar set amount=? where userid=? and id=?] - `111111111111111111111111111111111111111111111111111111111123`, `1`, `10` - Error 1264: Out of range value for column 'amount' at row 1
[ORM]2020/08/04 17:19:53  -[Queries/default] - [FAIL /     db.Exec /     0.0ms] - [update shopcar set amount=? where userid=? and id=?] - `1111111111111111111111111111111111111111111111111111111111123`, `1`, `10` - Error 1264: Out of range value for column 'amount' at row 1
[ORM]2020/08/04 17:19:53  -[Queries/default] - [FAIL /     db.Exec /     0.0ms] - [update shopcar set amount=? where userid=? and id=?] - `11111111111111111111111111111111111111111111111111111111111123`, `1`, `10` - Error 1264: Out of range value for column 'amount' at row 1
[ORM]2020/08/04 17:19:53  -[Queries/default] - [FAIL /     db.Exec /    14.9ms] - [update shopcar set amount=? where userid=? and id=?] - `111111111111111111111111111111111111111111111111111111111111123`, `1`, `10` - Error 1264: Out of range value for column 'amount' at row 1
[ORM]2020/08/04 17:19:53  -[Queries/default] - [FAIL /     db.Exec /     0.9ms] - [update shopcar set amount=? where userid=? and id=?] - `1111111111111111111111111111111111111111111111111111111111111123`, `1`, `10` - Error 1264: Out of range value for column 'amount' at row 1
[ORM]2020/08/04 17:19:53  -[Queries/default] - [FAIL /     db.Exec /     0.9ms] - [update shopcar set amount=? where userid=? and id=?] - `11111111111111111111111111111111111111111111111111111111111111123`, `1`, `10` - Error 1264: Out of range value for column 'amount' at row 1
[ORM]2020/08/04 17:19:53  -[Queries/default] - [FAIL /     db.Exec /     0.9ms] - [update shopcar set amount=? where userid=? and id=?] - `111111111111111111111111111111111111111111111111111111111111111123`, `1`, `10` - Error 1264: Out of range value for column 'amount' at row 1
[ORM]2020/08/04 17:19:53  -[Queries/default] - [FAIL /     db.Exec /     0.9ms] - [update shopcar set amount=? where userid=? and id=?] - `1111111111111111111111111111111111111111111111111111111111111111123`, `1`, `10` - Error 1264: Out of range value for column 'amount' at row 1
[ORM]2020/08/04 17:19:53  -[Queries/default] - [FAIL /     db.Exec /     0.9ms] - [update shopcar set amount=? where userid=? and id=?] - `11111111111111111111111111111111111111111111111111111111111111111123`, `1`, `10` - Error 1264: Out of range value for column 'amount' at row 1
[ORM]2020/08/04 17:19:53  -[Queries/default] - [FAIL /     db.Exec /     0.0ms] - [update shopcar set amount=? where userid=? and id=?] - `111111111111111111111111111111111111111111111111111111111111111111123`, `1`, `10` - Error 1264: Out of range value for column 'amount' at row 1
[ORM]2020/08/04 17:19:53  -[Queries/default] - [FAIL /     db.Exec /     0.0ms] - [update shopcar set amount=? where userid=? and id=?] - `1111111111111111111111111111111111111111111111111111111111111111111123`, `1`, `10` - Error 1264: Out of range value for column 'amount' at row 1
[ORM]2020/08/04 17:19:53  -[Queries/default] - [FAIL /     db.Exec /     0.0ms] - [update shopcar set amount=? where userid=? and id=?] - `11111111111111111111111111111111111111111111111111111111111111111111123`, `1`, `10` - Error 1264: Out of range value for column 'amount' at row 1
[ORM]2020/08/04 17:19:53  -[Queries/default] - [FAIL /     db.Exec /     0.0ms] - [update shopcar set amount=? where userid=? and id=?] - `111111111111111111111111111111111111111111111111111111111111111111111123`, `1`, `10` - Error 1264: Out of range value for column 'amount' at row 1
[ORM]2020/08/04 17:19:53  -[Queries/default] - [FAIL /     db.Exec /     0.0ms] - [update shopcar set amount=? where userid=? and id=?] - `1111111111111111111111111111111111111111111111111111111111111111111111123`, `1`, `10` - Error 1264: Out of range value for column 'amount' at row 1
[ORM]2020/08/04 17:19:53  -[Queries/default] - [FAIL /     db.Exec /     0.0ms] - [update shopcar set amount=? where userid=? and id=?] - `11111111111111111111111111111111111111111111111111111111111111111111111123`, `1`, `10` - Error 1264: Out of range value for column 'amount' at row 1
[ORM]2020/08/04 17:19:53  -[Queries/default] - [FAIL /     db.Exec /     0.9ms] - [update shopcar set amount=? where userid=? and id=?] - `111111111111111111111111111111111111111111111111111111111111111111111111123`, `1`, `10` - Error 1264: Out of range value for column 'amount' at row 1
[ORM]2020/08/04 17:19:53  -[Queries/default] - [FAIL /     db.Exec /     0.9ms] - [update shopcar set amount=? where userid=? and id=?] - `1111111111111111111111111111111111111111111111111111111111111111111111111123`, `1`, `10` - Error 1264: Out of range value for column 'amount' at row 1
[ORM]2020/08/04 17:19:53  -[Queries/default] - [FAIL /     db.Exec /     0.0ms] - [update shopcar set amount=? where userid=? and id=?] - `11111111111111111111111111111111111111111111111111111111111111111111111111123`, `1`, `10` - Error 1264: Out of range value for column 'amount' at row 1
[ORM]2020/08/04 17:19:53  -[Queries/default] - [FAIL /     db.Exec /     1.0ms] - [update shopcar set amount=? where userid=? and id=?] - `111111111111111111111111111111111111111111111111111111111111111111111111111123`, `1`, `10` - Error 1264: Out of range value for column 'amount' at row 1
[ORM]2020/08/04 17:19:53  -[Queries/default] - [FAIL /     db.Exec /     0.0ms] - [update shopcar set amount=? where userid=? and id=?] - `1111111111111111111111111111111111111111111111111111111111111111111111111111123`, `1`, `10` - Error 1264: Out of range value for column 'amount' at row 1
[ORM]2020/08/04 17:19:53  -[Queries/default] - [FAIL /     db.Exec /     0.9ms] - [update shopcar set amount=? where userid=? and id=?] - `11111111111111111111111111111111111111111111111111111111111111111111111111111123`, `1`, `10` - Error 1264: Out of range value for column 'amount' at row 1
[ORM]2020/08/04 17:19:53  -[Queries/default] - [FAIL /     db.Exec /     0.9ms] - [update shopcar set amount=? where userid=? and id=?] - `111111111111111111111111111111111111111111111111111111111111111111111111111111123`, `1`, `10` - Error 1264: Out of range value for column 'amount' at row 1
[ORM]2020/08/04 17:19:53  -[Queries/default] - [FAIL /     db.Exec /     1.0ms] - [update shopcar set amount=? where userid=? and id=?] - `1111111111111111111111111111111111111111111111111111111111111111111111111111111123`, `1`, `10` - Error 1264: Out of range value for column 'amount' at row 1
[ORM]2020/08/04 17:19:53  -[Queries/default] - [FAIL /     db.Exec /     0.9ms] - [update shopcar set amount=? where userid=? and id=?] - `11111111111111111111111111111111111111111111111111111111111111111111111111111111123`, `1`, `10` - Error 1264: Out of range value for column 'amount' at row 1
[ORM]2020/08/04 17:19:53  -[Queries/default] - [FAIL /     db.Exec /     0.0ms] - [update shopcar set amount=? where userid=? and id=?] - `111111111111111111111111111111111111111111111111111111111111111111111111111111111123`, `1`, `10` - Error 1264: Out of range value for column 'amount' at row 1
[ORM]2020/08/04 17:19:53  -[Queries/default] - [FAIL /     db.Exec /     0.9ms] - [update shopcar set amount=? where userid=? and id=?] - `1111111111111111111111111111111111111111111111111111111111111111111111111111111111123`, `1`, `10` - Error 1264: Out of range value for column 'amount' at row 1
[ORM]2020/08/04 17:19:53  -[Queries/default] - [FAIL /     db.Exec /     0.0ms] - [update shopcar set amount=? where userid=? and id=?] - `11111111111111111111111111111111111111111111111111111111111111111111111111111111111123`, `1`, `10` - Error 1264: Out of range value for column 'amount' at row 1
[ORM]2020/08/04 17:19:53  -[Queries/default] - [FAIL /     db.Exec /     0.0ms] - [update shopcar set amount=? where userid=? and id=?] - `111111111111111111111111111111111111111111111111111111111111111111111111111111111111123`, `1`, `10` - Error 1264: Out of range value for column 'amount' at row 1
[ORM]2020/08/04 17:19:53  -[Queries/default] - [FAIL /     db.Exec /     0.0ms] - [update shopcar set amount=? where userid=? and id=?] - `1111111111111111111111111111111111111111111111111111111111111111111111111111111111111123`, `1`, `10` - Error 1264: Out of range value for column 'amount' at row 1
[ORM]2020/08/04 17:19:54  -[Queries/default] - [FAIL /     db.Exec /     0.0ms] - [update shopcar set amount=? where userid=? and id=?] - `11111111111111111111111111111111111111111111111111111111111111111111111111111111111111123`, `1`, `10` - Error 1264: Out of range value for column 'amount' at row 1
[ORM]2020/08/04 17:19:54  -[Queries/default] - [FAIL /     db.Exec /     0.0ms] - [update shopcar set amount=? where userid=? and id=?] - `111111111111111111111111111111111111111111111111111111111111111111111111111111111111111123`, `1`, `10` - Error 1264: Out of range value for column 'amount' at row 1
[ORM]2020/08/04 17:19:54  -[Queries/default] - [FAIL /     db.Exec /     0.0ms] - [update shopcar set amount=? where userid=? and id=?] - `1111111111111111111111111111111111111111111111111111111111111111111111111111111111111111123`, `1`, `10` - Error 1264: Out of range value for column 'amount' at row 1
[ORM]2020/08/04 17:19:54  -[Queries/default] - [FAIL /     db.Exec /     0.0ms] - [update shopcar set amount=? where userid=? and id=?] - `11111111111111111111111111111111111111111111111111111111111111111111111111111111111111111123`, `1`, `10` - Error 1264: Out of range value for column 'amount' at row 1
[ORM]2020/08/04 17:19:54  -[Queries/default] - [FAIL /     db.Exec /     0.0ms] - [update shopcar set amount=? where userid=? and id=?] - `111111111111111111111111111111111111111111111111111111111111111111111111111111111111111111123`, `1`, `10` - Error 1264: Out of range value for column 'amount' at row 1
[ORM]2020/08/04 17:19:54  -[Queries/default] - [FAIL /     db.Exec /     0.0ms] - [update shopcar set amount=? where userid=? and id=?] - `1111111111111111111111111111111111111111111111111111111111111111111111111111111111111111111123`, `1`, `10` - Error 1264: Out of range value for column 'amount' at row 1
[ORM]2020/08/04 17:19:54  -[Queries/default] - [FAIL /     db.Exec /     0.0ms] - [update shopcar set amount=? where userid=? and id=?] - `11111111111111111111111111111111111111111111111111111111111111111111111111111111111111111111123`, `1`, `10` - Error 1264: Out of range value for column 'amount' at row 1
[ORM]2020/08/04 17:19:54  -[Queries/default] - [FAIL /     db.Exec /     0.0ms] - [update shopcar set amount=? where userid=? and id=?] - `111111111111111111111111111111111111111111111111111111111111111111111111111111111111111111111123`, `1`, `10` - Error 1264: Out of range value for column 'amount' at row 1
[ORM]2020/08/04 17:19:54  -[Queries/default] - [FAIL /     db.Exec /     0.0ms] - [update shopcar set amount=? where userid=? and id=?] - `1111111111111111111111111111111111111111111111111111111111111111111111111111111111111111111111123`, `1`, `10` - Error 1264: Out of range value for column 'amount' at row 1
[ORM]2020/08/04 17:19:54  -[Queries/default] - [FAIL /     db.Exec /     0.0ms] - [update shopcar set amount=? where userid=? and id=?] - `11111111111111111111111111111111111111111111111111111111111111111111111111111111111111111111111123`, `1`, `10` - Error 1264: Out of range value for column 'amount' at row 1
[ORM]2020/08/04 17:19:54  -[Queries/default] - [FAIL /     db.Exec /     1.0ms] - [update shopcar set amount=? where userid=? and id=?] - `111111111111111111111111111111111111111111111111111111111111111111111111111111111111111111111111123`, `1`, `10` - Error 1264: Out of range value for column 'amount' at row 1
[ORM]2020/08/04 17:19:54  -[Queries/default] - [FAIL /     db.Exec /     0.9ms] - [update shopcar set amount=? where userid=? and id=?] - `1111111111111111111111111111111111111111111111111111111111111111111111111111111111111111111111111123`, `1`, `10` - Error 1264: Out of range value for column 'amount' at row 1
[ORM]2020/08/04 17:19:54  -[Queries/default] - [FAIL /     db.Exec /     0.0ms] - [update shopcar set amount=? where userid=? and id=?] - `11111111111111111111111111111111111111111111111111111111111111111111111111111111111111111111111111123`, `1`, `10` - Error 1264: Out of range value for column 'amount' at row 1
[ORM]2020/08/04 17:19:54  -[Queries/default] - [FAIL /     db.Exec /     0.0ms] - [update shopcar set amount=? where userid=? and id=?] - `111111111111111111111111111111111111111111111111111111111111111111111111111111111111111111111111111123`, `1`, `10` - Error 1264: Out of range value for column 'amount' at row 1
[ORM]2020/08/04 17:19:54  -[Queries/default] - [FAIL /     db.Exec /     0.9ms] - [update shopcar set amount=? where userid=? and id=?] - `1111111111111111111111111111111111111111111111111111111111111111111111111111111111111111111111111111123`, `1`, `10` - Error 1264: Out of range value for column 'amount' at row 1
[ORM]2020/08/04 17:19:54  -[Queries/default] - [FAIL /     db.Exec /     1.0ms] - [update shopcar set amount=? where userid=? and id=?] - `11111111111111111111111111111111111111111111111111111111111111111111111111111111111111111111111111111123`, `1`, `10` - Error 1264: Out of range value for column 'amount' at row 1
[ORM]2020/08/04 17:19:54  -[Queries/default] - [FAIL /     db.Exec /     0.0ms] - [update shopcar set amount=? where userid=? and id=?] - `111111111111111111111111111111111111111111111111111111111111111111111111111111111111111111111111111111123`, `1`, `10` - Error 1264: Out of range value for column 'amount' at row 1
[ORM]2020/08/04 17:19:54  -[Queries/default] - [FAIL /     db.Exec /     1.0ms] - [update shopcar set amount=? where userid=? and id=?] - `1111111111111111111111111111111111111111111111111111111111111111111111111111111111111111111111111111111123`, `1`, `10` - Error 1264: Out of range value for column 'amount' at row 1
[ORM]2020/08/04 17:19:57  -[Queries/default] - [  OK /    db.Query /     0.0ms] - [select s.*,p.name,p.price,p.images from shopcar s join products p on s.productid=p.id where userid=?] - `1`
[ORM]2020/08/04 17:19:59  -[Queries/default] - [  OK /     db.Exec /     0.9ms] - [update shopcar set amount=? where userid=? and id=?] - `11111111123`, `1`, `10`
[ORM]2020/08/04 17:20:00  -[Queries/default] - [  OK /     db.Exec /     0.0ms] - [update shopcar set amount=? where userid=? and id=?] - `111111111123`, `1`, `10`
[ORM]2020/08/04 17:20:00  -[Queries/default] - [  OK /     db.Exec /     0.0ms] - [update shopcar set amount=? where userid=? and id=?] - `1111111111123`, `1`, `10`
[ORM]2020/08/04 17:20:00  -[Queries/default] - [  OK /     db.Exec /     0.0ms] - [update shopcar set amount=? where userid=? and id=?] - `11111111111123`, `1`, `10`
[ORM]2020/08/04 17:20:00  -[Queries/default] - [  OK /     db.Exec /     0.0ms] - [update shopcar set amount=? where userid=? and id=?] - `111111111111123`, `1`, `10`
[ORM]2020/08/04 17:20:00  -[Queries/default] - [  OK /     db.Exec /     0.0ms] - [update shopcar set amount=? where userid=? and id=?] - `1111111111111123`, `1`, `10`
[ORM]2020/08/04 17:20:00  -[Queries/default] - [  OK /     db.Exec /     0.9ms] - [update shopcar set amount=? where userid=? and id=?] - `11111111111111123`, `1`, `10`
[ORM]2020/08/04 17:20:00  -[Queries/default] - [  OK /     db.Exec /     0.0ms] - [update shopcar set amount=? where userid=? and id=?] - `111111111111111123`, `1`, `10`
[ORM]2020/08/04 17:20:01  -[Queries/default] - [  OK /     db.Exec /     0.9ms] - [update shopcar set amount=? where userid=? and id=?] - `1111111111111111123`, `1`, `10`
[ORM]2020/08/04 17:20:01  -[Queries/default] - [FAIL /     db.Exec /     1.0ms] - [update shopcar set amount=? where userid=? and id=?] - `11111111111111111123`, `1`, `10` - Error 1264: Out of range value for column 'amount' at row 1
[ORM]2020/08/04 17:20:01  -[Queries/default] - [FAIL /     db.Exec /     0.9ms] - [update shopcar set amount=? where userid=? and id=?] - `111111111111111111123`, `1`, `10` - Error 1264: Out of range value for column 'amount' at row 1
[ORM]2020/08/04 17:20:01  -[Queries/default] - [FAIL /     db.Exec /     0.0ms] - [update shopcar set amount=? where userid=? and id=?] - `1111111111111111111123`, `1`, `10` - Error 1264: Out of range value for column 'amount' at row 1
[ORM]2020/08/04 17:20:01  -[Queries/default] - [FAIL /     db.Exec /     0.0ms] - [update shopcar set amount=? where userid=? and id=?] - `11111111111111111111123`, `1`, `10` - Error 1264: Out of range value for column 'amount' at row 1
[ORM]2020/08/04 17:20:01  -[Queries/default] - [FAIL /     db.Exec /     0.9ms] - [update shopcar set amount=? where userid=? and id=?] - `111111111111111111111123`, `1`, `10` - Error 1264: Out of range value for column 'amount' at row 1
[ORM]2020/08/04 17:20:01  -[Queries/default] - [FAIL /     db.Exec /     0.9ms] - [update shopcar set amount=? where userid=? and id=?] - `1111111111111111111111123`, `1`, `10` - Error 1264: Out of range value for column 'amount' at row 1
[ORM]2020/08/04 17:20:01  -[Queries/default] - [FAIL /     db.Exec /     0.9ms] - [update shopcar set amount=? where userid=? and id=?] - `11111111111111111111111123`, `1`, `10` - Error 1264: Out of range value for column 'amount' at row 1
[ORM]2020/08/04 17:20:01  -[Queries/default] - [FAIL /     db.Exec /     0.9ms] - [update shopcar set amount=? where userid=? and id=?] - `111111111111111111111111123`, `1`, `10` - Error 1264: Out of range value for column 'amount' at row 1
[ORM]2020/08/04 17:20:01  -[Queries/default] - [FAIL /     db.Exec /     0.0ms] - [update shopcar set amount=? where userid=? and id=?] - `1111111111111111111111111123`, `1`, `10` - Error 1264: Out of range value for column 'amount' at row 1
[ORM]2020/08/04 17:20:01  -[Queries/default] - [FAIL /     db.Exec /     0.0ms] - [update shopcar set amount=? where userid=? and id=?] - `11111111111111111111111111123`, `1`, `10` - Error 1264: Out of range value for column 'amount' at row 1
[ORM]2020/08/04 17:20:01  -[Queries/default] - [FAIL /     db.Exec /     0.9ms] - [update shopcar set amount=? where userid=? and id=?] - `111111111111111111111111111123`, `1`, `10` - Error 1264: Out of range value for column 'amount' at row 1
[ORM]2020/08/04 17:20:01  -[Queries/default] - [FAIL /     db.Exec /     0.0ms] - [update shopcar set amount=? where userid=? and id=?] - `1111111111111111111111111111123`, `1`, `10` - Error 1264: Out of range value for column 'amount' at row 1
[ORM]2020/08/04 17:20:01  -[Queries/default] - [FAIL /     db.Exec /     0.9ms] - [update shopcar set amount=? where userid=? and id=?] - `11111111111111111111111111111123`, `1`, `10` - Error 1264: Out of range value for column 'amount' at row 1
[ORM]2020/08/04 17:20:01  -[Queries/default] - [FAIL /     db.Exec /     0.9ms] - [update shopcar set amount=? where userid=? and id=?] - `111111111111111111111111111111123`, `1`, `10` - Error 1264: Out of range value for column 'amount' at row 1
[ORM]2020/08/04 17:20:02  -[Queries/default] - [FAIL /     db.Exec /     0.0ms] - [update shopcar set amount=? where userid=? and id=?] - `1111111111111111111111111111111123`, `1`, `10` - Error 1264: Out of range value for column 'amount' at row 1
[ORM]2020/08/04 17:20:02  -[Queries/default] - [FAIL /     db.Exec /     0.0ms] - [update shopcar set amount=? where userid=? and id=?] - `11111111111111111111111111111111123`, `1`, `10` - Error 1264: Out of range value for column 'amount' at row 1
[ORM]2020/08/04 17:20:02  -[Queries/default] - [FAIL /     db.Exec /     0.9ms] - [update shopcar set amount=? where userid=? and id=?] - `111111111111111111111111111111111123`, `1`, `10` - Error 1264: Out of range value for column 'amount' at row 1
[ORM]2020/08/04 17:20:02  -[Queries/default] - [FAIL /     db.Exec /     0.9ms] - [update shopcar set amount=? where userid=? and id=?] - `1111111111111111111111111111111111123`, `1`, `10` - Error 1264: Out of range value for column 'amount' at row 1
[ORM]2020/08/04 17:20:02  -[Queries/default] - [FAIL /     db.Exec /     0.0ms] - [update shopcar set amount=? where userid=? and id=?] - `11111111111111111111111111111111111123`, `1`, `10` - Error 1264: Out of range value for column 'amount' at row 1
[ORM]2020/08/04 17:20:02  -[Queries/default] - [FAIL /     db.Exec /     0.0ms] - [update shopcar set amount=? where userid=? and id=?] - `111111111111111111111111111111111111123`, `1`, `10` - Error 1264: Out of range value for column 'amount' at row 1
[ORM]2020/08/04 17:20:02  -[Queries/default] - [FAIL /     db.Exec /     0.0ms] - [update shopcar set amount=? where userid=? and id=?] - `1111111111111111111111111111111111111123`, `1`, `10` - Error 1264: Out of range value for column 'amount' at row 1
[ORM]2020/08/04 17:20:03  -[Queries/default] - [FAIL /     db.Exec /     0.0ms] - [update shopcar set amount=? where userid=? and id=?] - `111111111111111111111111111111111111123`, `1`, `10` - Error 1264: Out of range value for column 'amount' at row 1
[ORM]2020/08/04 17:20:03  -[Queries/default] - [FAIL /     db.Exec /     0.9ms] - [update shopcar set amount=? where userid=? and id=?] - `11111111111111111111111111111111111123`, `1`, `10` - Error 1264: Out of range value for column 'amount' at row 1
[ORM]2020/08/04 17:20:03  -[Queries/default] - [FAIL /     db.Exec /     0.0ms] - [update shopcar set amount=? where userid=? and id=?] - `1111111111111111111111111111111111123`, `1`, `10` - Error 1264: Out of range value for column 'amount' at row 1
[ORM]2020/08/04 17:20:04  -[Queries/default] - [FAIL /     db.Exec /     0.9ms] - [update shopcar set amount=? where userid=? and id=?] - `111111111111111111111111111111111123`, `1`, `10` - Error 1264: Out of range value for column 'amount' at row 1
[ORM]2020/08/04 17:20:04  -[Queries/default] - [FAIL /     db.Exec /     0.9ms] - [update shopcar set amount=? where userid=? and id=?] - `11111111111111111111111111111111123`, `1`, `10` - Error 1264: Out of range value for column 'amount' at row 1
[ORM]2020/08/04 17:20:04  -[Queries/default] - [FAIL /     db.Exec /     0.0ms] - [update shopcar set amount=? where userid=? and id=?] - `1111111111111111111111111111111123`, `1`, `10` - Error 1264: Out of range value for column 'amount' at row 1
[ORM]2020/08/04 17:20:04  -[Queries/default] - [FAIL /     db.Exec /     0.9ms] - [update shopcar set amount=? where userid=? and id=?] - `111111111111111111111111111111123`, `1`, `10` - Error 1264: Out of range value for column 'amount' at row 1
[ORM]2020/08/04 17:20:04  -[Queries/default] - [FAIL /     db.Exec /     1.0ms] - [update shopcar set amount=? where userid=? and id=?] - `11111111111111111111111111111123`, `1`, `10` - Error 1264: Out of range value for column 'amount' at row 1
[ORM]2020/08/04 17:20:04  -[Queries/default] - [FAIL /     db.Exec /     0.0ms] - [update shopcar set amount=? where userid=? and id=?] - `1111111111111111111111111111123`, `1`, `10` - Error 1264: Out of range value for column 'amount' at row 1
[ORM]2020/08/04 17:20:05  -[Queries/default] - [FAIL /     db.Exec /     0.9ms] - [update shopcar set amount=? where userid=? and id=?] - `111111111111111111111111111123`, `1`, `10` - Error 1264: Out of range value for column 'amount' at row 1
[ORM]2020/08/04 17:20:05  -[Queries/default] - [FAIL /     db.Exec /     0.9ms] - [update shopcar set amount=? where userid=? and id=?] - `11111111111111111111111111123`, `1`, `10` - Error 1264: Out of range value for column 'amount' at row 1
[ORM]2020/08/04 17:20:05  -[Queries/default] - [FAIL /     db.Exec /     0.0ms] - [update shopcar set amount=? where userid=? and id=?] - `1111111111111111111111111123`, `1`, `10` - Error 1264: Out of range value for column 'amount' at row 1
[ORM]2020/08/04 17:20:05  -[Queries/default] - [FAIL /     db.Exec /     0.9ms] - [update shopcar set amount=? where userid=? and id=?] - `111111111111111111111111123`, `1`, `10` - Error 1264: Out of range value for column 'amount' at row 1
[ORM]2020/08/04 17:20:05  -[Queries/default] - [FAIL /     db.Exec /     0.0ms] - [update shopcar set amount=? where userid=? and id=?] - `11111111111111111111111123`, `1`, `10` - Error 1264: Out of range value for column 'amount' at row 1
[ORM]2020/08/04 17:20:05  -[Queries/default] - [FAIL /     db.Exec /     0.0ms] - [update shopcar set amount=? where userid=? and id=?] - `1111111111111111111111123`, `1`, `10` - Error 1264: Out of range value for column 'amount' at row 1
[ORM]2020/08/04 17:20:05  -[Queries/default] - [FAIL /     db.Exec /     0.0ms] - [update shopcar set amount=? where userid=? and id=?] - `111111111111111111111123`, `1`, `10` - Error 1264: Out of range value for column 'amount' at row 1
[ORM]2020/08/04 17:20:06  -[Queries/default] - [FAIL /     db.Exec /     0.0ms] - [update shopcar set amount=? where userid=? and id=?] - `11111111111111111111123`, `1`, `10` - Error 1264: Out of range value for column 'amount' at row 1
[ORM]2020/08/04 17:20:06  -[Queries/default] - [FAIL /     db.Exec /     0.0ms] - [update shopcar set amount=? where userid=? and id=?] - `1111111111111111111123`, `1`, `10` - Error 1264: Out of range value for column 'amount' at row 1
[ORM]2020/08/04 17:20:06  -[Queries/default] - [FAIL /     db.Exec /     0.9ms] - [update shopcar set amount=? where userid=? and id=?] - `111111111111111111123`, `1`, `10` - Error 1264: Out of range value for column 'amount' at row 1
[ORM]2020/08/04 17:20:06  -[Queries/default] - [FAIL /     db.Exec /     0.0ms] - [update shopcar set amount=? where userid=? and id=?] - `11111111111111111123`, `1`, `10` - Error 1264: Out of range value for column 'amount' at row 1
[ORM]2020/08/04 17:20:06  -[Queries/default] - [  OK /     db.Exec /     0.0ms] - [update shopcar set amount=? where userid=? and id=?] - `1111111111111111123`, `1`, `10`
[ORM]2020/08/04 17:20:06  -[Queries/default] - [  OK /     db.Exec /     0.9ms] - [update shopcar set amount=? where userid=? and id=?] - `111111111111111123`, `1`, `10`
[ORM]2020/08/04 17:20:06  -[Queries/default] - [  OK /     db.Exec /     0.0ms] - [update shopcar set amount=? where userid=? and id=?] - `11111111111111123`, `1`, `10`
[ORM]2020/08/04 17:20:06  -[Queries/default] - [  OK /     db.Exec /     0.9ms] - [update shopcar set amount=? where userid=? and id=?] - `1111111111111123`, `1`, `10`
[ORM]2020/08/04 17:20:07  -[Queries/default] - [  OK /     db.Exec /     0.9ms] - [update shopcar set amount=? where userid=? and id=?] - `111111111111123`, `1`, `10`
[ORM]2020/08/04 17:20:07  -[Queries/default] - [  OK /     db.Exec /     0.0ms] - [update shopcar set amount=? where userid=? and id=?] - `11111111111123`, `1`, `10`
[ORM]2020/08/04 17:20:07  -[Queries/default] - [  OK /     db.Exec /     0.9ms] - [update shopcar set amount=? where userid=? and id=?] - `1111111111123`, `1`, `10`
[ORM]2020/08/04 17:20:07  -[Queries/default] - [  OK /     db.Exec /     0.9ms] - [update shopcar set amount=? where userid=? and id=?] - `111111111123`, `1`, `10`
[ORM]2020/08/04 17:20:07  -[Queries/default] - [  OK /     db.Exec /     0.0ms] - [update shopcar set amount=? where userid=? and id=?] - `11111111123`, `1`, `10`
[ORM]2020/08/04 17:20:07  -[Queries/default] - [  OK /     db.Exec /     0.9ms] - [update shopcar set amount=? where userid=? and id=?] - `1111111123`, `1`, `10`
[ORM]2020/08/04 17:20:08  -[Queries/default] - [  OK /     db.Exec /     0.0ms] - [update shopcar set amount=? where userid=? and id=?] - `111111123`, `1`, `10`
[ORM]2020/08/04 17:20:08  -[Queries/default] - [  OK /     db.Exec /     0.9ms] - [update shopcar set amount=? where userid=? and id=?] - `11111123`, `1`, `10`
[ORM]2020/08/04 17:20:10  -[Queries/default] - [  OK /     db.Exec /     0.0ms] - [update shopcar set amount=? where userid=? and id=?] - `11111122`, `1`, `10`
[ORM]2020/08/04 17:20:11  -[Queries/default] - [  OK /     db.Exec /     0.0ms] - [update shopcar set amount=? where userid=? and id=?] - `11111121`, `1`, `10`
[ORM]2020/08/04 17:20:11  -[Queries/default] - [  OK /     db.Exec /     0.0ms] - [update shopcar set amount=? where userid=? and id=?] - `11111120`, `1`, `10`
[ORM]2020/08/04 17:20:11  -[Queries/default] - [  OK /     db.Exec /     0.0ms] - [update shopcar set amount=? where userid=? and id=?] - `11111119`, `1`, `10`
[ORM]2020/08/04 17:20:12  -[Queries/default] - [  OK /     db.Exec /     0.0ms] - [update shopcar set amount=? where userid=? and id=?] - `11111118`, `1`, `10`
[ORM]2020/08/04 17:20:13  -[Queries/default] - [  OK /     db.Exec /     0.0ms] - [update shopcar set amount=? where userid=? and id=?] - `11111117`, `1`, `10`
[ORM]2020/08/04 17:20:13  -[Queries/default] - [  OK /     db.Exec /     0.0ms] - [update shopcar set amount=? where userid=? and id=?] - `11111116`, `1`, `10`
[ORM]2020/08/04 17:20:13  -[Queries/default] - [  OK /     db.Exec /     0.0ms] - [update shopcar set amount=? where userid=? and id=?] - `11111115`, `1`, `10`
[ORM]2020/08/04 17:20:13  -[Queries/default] - [  OK /     db.Exec /     0.0ms] - [update shopcar set amount=? where userid=? and id=?] - `11111114`, `1`, `10`
[ORM]2020/08/04 17:20:13  -[Queries/default] - [  OK /     db.Exec /     0.9ms] - [update shopcar set amount=? where userid=? and id=?] - `11111113`, `1`, `10`
[ORM]2020/08/04 17:20:13  -[Queries/default] - [  OK /     db.Exec /     0.9ms] - [update shopcar set amount=? where userid=? and id=?] - `11111112`, `1`, `10`
[ORM]2020/08/04 17:20:13  -[Queries/default] - [  OK /     db.Exec /     1.0ms] - [update shopcar set amount=? where userid=? and id=?] - `11111111`, `1`, `10`
[ORM]2020/08/04 17:20:14  -[Queries/default] - [  OK /     db.Exec /     0.9ms] - [update shopcar set amount=? where userid=? and id=?] - `11111110`, `1`, `10`
[ORM]2020/08/04 17:20:14  -[Queries/default] - [  OK /     db.Exec /     0.0ms] - [update shopcar set amount=? where userid=? and id=?] - `11111109`, `1`, `10`
[ORM]2020/08/04 17:20:14  -[Queries/default] - [  OK /     db.Exec /     0.9ms] - [update shopcar set amount=? where userid=? and id=?] - `11111108`, `1`, `10`
[ORM]2020/08/04 17:20:14  -[Queries/default] - [  OK /     db.Exec /     0.0ms] - [update shopcar set amount=? where userid=? and id=?] - `11111107`, `1`, `10`
[ORM]2020/08/04 17:20:22  -[Queries/default] - [  OK /     db.Exec /     0.0ms] - [update shopcar set amount=? where userid=? and id=?] - `2`, `1`, `14`
[ORM]2020/08/04 17:20:23  -[Queries/default] - [  OK /     db.Exec /     0.0ms] - [update shopcar set amount=? where userid=? and id=?] - `3`, `1`, `14`
[ORM]2020/08/04 17:20:23  -[Queries/default] - [  OK /     db.Exec /     0.0ms] - [update shopcar set amount=? where userid=? and id=?] - `4`, `1`, `14`
[ORM]2020/08/04 17:20:23  -[Queries/default] - [  OK /     db.Exec /     0.0ms] - [update shopcar set amount=? where userid=? and id=?] - `5`, `1`, `14`
[ORM]2020/08/04 17:20:23  -[Queries/default] - [  OK /     db.Exec /     0.0ms] - [update shopcar set amount=? where userid=? and id=?] - `6`, `1`, `14`
[ORM]2020/08/04 17:20:23  -[Queries/default] - [  OK /     db.Exec /     0.0ms] - [update shopcar set amount=? where userid=? and id=?] - `5`, `1`, `14`
[ORM]2020/08/04 17:20:24  -[Queries/default] - [  OK /     db.Exec /     1.0ms] - [update shopcar set amount=? where userid=? and id=?] - `4`, `1`, `14`
[ORM]2020/08/04 17:20:24  -[Queries/default] - [  OK /     db.Exec /     0.0ms] - [update shopcar set amount=? where userid=? and id=?] - `3`, `1`, `14`
[ORM]2020/08/04 17:20:24  -[Queries/default] - [  OK /     db.Exec /     0.9ms] - [update shopcar set amount=? where userid=? and id=?] - `2`, `1`, `14`
[ORM]2020/08/04 17:20:25  -[Queries/default] - [  OK /     db.Exec /     1.0ms] - [update shopcar set amount=? where userid=? and id=?] - `3`, `1`, `14`
[ORM]2020/08/04 17:20:26  -[Queries/default] - [  OK /     db.Exec /     0.0ms] - [update shopcar set amount=? where userid=? and id=?] - `4`, `1`, `14`
[ORM]2020/08/04 17:20:26  -[Queries/default] - [  OK /     db.Exec /     0.0ms] - [update shopcar set amount=? where userid=? and id=?] - `5`, `1`, `14`
[ORM]2020/08/04 17:20:26  -[Queries/default] - [  OK /     db.Exec /     0.0ms] - [update shopcar set amount=? where userid=? and id=?] - `6`, `1`, `14`
[ORM]2020/08/04 17:20:26  -[Queries/default] - [  OK /     db.Exec /     0.0ms] - [update shopcar set amount=? where userid=? and id=?] - `7`, `1`, `14`
[ORM]2020/08/04 17:20:26  -[Queries/default] - [  OK /     db.Exec /     1.0ms] - [update shopcar set amount=? where userid=? and id=?] - `8`, `1`, `14`
[ORM]2020/08/04 17:20:26  -[Queries/default] - [  OK /     db.Exec /     0.0ms] - [update shopcar set amount=? where userid=? and id=?] - `9`, `1`, `14`
[ORM]2020/08/04 17:20:26  -[Queries/default] - [  OK /     db.Exec /     0.9ms] - [update shopcar set amount=? where userid=? and id=?] - `10`, `1`, `14`
[ORM]2020/08/04 17:20:27  -[Queries/default] - [  OK /     db.Exec /     0.0ms] - [update shopcar set amount=? where userid=? and id=?] - `11`, `1`, `14`
[ORM]2020/08/04 17:20:27  -[Queries/default] - [  OK /     db.Exec /     0.9ms] - [update shopcar set amount=? where userid=? and id=?] - `12`, `1`, `14`
[ORM]2020/08/04 17:20:27  -[Queries/default] - [  OK /     db.Exec /     1.0ms] - [update shopcar set amount=? where userid=? and id=?] - `13`, `1`, `14`
