[ORM]2020/08/06 13:35:45  -[Queries/default] - [  OK /     db.Exec /     5.9ms] - [insert into shopcar (userid,productid,amount)
							values (?,?,?)] - `1`, `1`, `1`
[ORM]2020/08/06 13:35:45  -[Queries/default] - [  OK /    db.Query /     6.9ms] - [select s.*,p.name,p.price,p.images from shopcar s join products p on s.productid=p.id where userid=?] - `1`
[ORM]2020/08/06 13:35:52  -[Queries/default] - [  OK /    db.Query /     0.0ms] - [select s.*,p.name,p.price,p.images from shopcar s join products p on s.productid=p.id where userid=?] - `1`
[ORM]2020/08/06 13:35:52  -[Queries/default] - [  OK /    db.Query /     0.9ms] - [select s.*,p.name,p.price,p.images from shopcar s join products p on s.productid=p.id where userid=?] - `1`
[ORM]2020/08/06 13:36:02  -[Queries/default] - [  OK /     db.Exec /     0.9ms] - [update shopcar set amount=? where userid=? and id=?] - `11111106`, `1`, `10`
[ORM]2020/08/06 13:36:02  -[Queries/default] - [  OK /     db.Exec /     0.0ms] - [update shopcar set amount=? where userid=? and id=?] - `11111105`, `1`, `10`
[ORM]2020/08/06 13:36:02  -[Queries/default] - [  OK /     db.Exec /     0.0ms] - [update shopcar set amount=? where userid=? and id=?] - `11111104`, `1`, `10`
[ORM]2020/08/06 13:36:02  -[Queries/default] - [  OK /     db.Exec /     0.0ms] - [update shopcar set amount=? where userid=? and id=?] - `11111103`, `1`, `10`
[ORM]2020/08/06 13:36:02  -[Queries/default] - [  OK /     db.Exec /     0.0ms] - [update shopcar set amount=? where userid=? and id=?] - `11111102`, `1`, `10`
[ORM]2020/08/06 13:36:03  -[Queries/default] - [  OK /     db.Exec /     0.0ms] - [update shopcar set amount=? where userid=? and id=?] - `11111101`, `1`, `10`
[ORM]2020/08/06 13:36:03  -[Queries/default] - [  OK /     db.Exec /     0.9ms] - [update shopcar set amount=? where userid=? and id=?] - `11111100`, `1`, `10`
[ORM]2020/08/06 13:36:03  -[Queries/default] - [  OK /     db.Exec /     0.0ms] - [update shopcar set amount=? where userid=? and id=?] - `11111101`, `1`, `10`
[ORM]2020/08/06 13:36:03  -[Queries/default] - [  OK /     db.Exec /     0.0ms] - [update shopcar set amount=? where userid=? and id=?] - `11111102`, `1`, `10`
[ORM]2020/08/06 13:36:04  -[Queries/default] - [  OK /     db.Exec /     0.0ms] - [update shopcar set amount=? where userid=? and id=?] - `11111103`, `1`, `10`
[ORM]2020/08/06 13:36:04  -[Queries/default] - [  OK /     db.Exec /     0.0ms] - [update shopcar set amount=? where userid=? and id=?] - `11111104`, `1`, `10`
[ORM]2020/08/06 13:36:44  -[Queries/default] - [  OK /     db.Exec /     0.0ms] - [update shopcar set amount=? where userid=? and id=?] - `1111110`, `1`, `10`
[ORM]2020/08/06 13:36:44  -[Queries/default] - [  OK /     db.Exec /     0.0ms] - [update shopcar set amount=? where userid=? and id=?] - `111111`, `1`, `10`
[ORM]2020/08/06 13:36:45  -[Queries/default] - [  OK /     db.Exec /     0.0ms] - [update shopcar set amount=? where userid=? and id=?] - `11111`, `1`, `10`
[ORM]2020/08/06 13:36:45  -[Queries/default] - [  OK /     db.Exec /     0.9ms] - [update shopcar set amount=? where userid=? and id=?] - `1111`, `1`, `10`
[ORM]2020/08/06 13:36:45  -[Queries/default] - [  OK /     db.Exec /     0.0ms] - [update shopcar set amount=? where userid=? and id=?] - `111`, `1`, `10`
[ORM]2020/08/06 13:36:45  -[Queries/default] - [  OK /     db.Exec /     0.0ms] - [update shopcar set amount=? where userid=? and id=?] - `11`, `1`, `10`
[ORM]2020/08/06 13:36:46  -[Queries/default] - [  OK /     db.Exec /     0.0ms] - [update shopcar set amount=? where userid=? and id=?] - `1`, `1`, `10`
[ORM]2020/08/06 13:36:46  -[Queries/default] - [FAIL /     db.Exec /     0.0ms] - [update shopcar set amount=? where userid=? and id=?] - ``, `1`, `10` - Error 1366: Incorrect integer value: '' for column 'amount' at row 1
[ORM]2020/08/06 13:36:47  -[Queries/default] - [  OK /     db.Exec /     0.0ms] - [update shopcar set amount=? where userid=? and id=?] - `1`, `1`, `10`
[ORM]2020/08/06 13:36:49  -[Queries/default] - [  OK /    db.Query /     1.0ms] - [select s.*,p.name,p.price,p.images from shopcar s join products p on s.productid=p.id where userid=?] - `1`
[ORM]2020/08/06 13:36:53  -[Queries/default] - [  OK /     db.Exec /     0.0ms] - [update shopcar set amount=? where userid=? and id=?] - `2`, `1`, `10`
[ORM]2020/08/06 13:36:54  -[Queries/default] - [  OK /    db.Query /     0.0ms] - [select s.*,p.name,p.price,p.images from shopcar s join products p on s.productid=p.id where userid=?] - `1`
[ORM]2020/08/06 13:36:55  -[Queries/default] - [  OK /     db.Exec /     0.0ms] - [update shopcar set amount=? where userid=? and id=?] - `1`, `1`, `10`
[ORM]2020/08/06 13:36:57  -[Queries/default] - [  OK /    db.Query /     0.0ms] - [select s.*,p.name,p.price,p.images from shopcar s join products p on s.productid=p.id where userid=?] - `1`
[ORM]2020/08/06 13:46:43  -[Queries/default] - [  OK /    db.Query /     0.9ms] - [select s.*,p.name,p.price,p.images from shopcar s join products p on s.productid=p.id where userid=?] - `1`
[ORM]2020/08/06 13:46:45  -[Queries/default] - [  OK /    db.Query /     0.9ms] - [select s.*,p.name,p.price,p.images from shopcar s join products p on s.productid=p.id where userid=?] - `1`
[ORM]2020/08/06 13:46:50  -[Queries/default] - [FAIL /     db.Exec /     0.9ms] - [update shopcar set amount=?, check=? where userid=? and id=?] - `2`, ``, `1`, `10` - Error 1064: You have an error in your SQL syntax; check the manual that corresponds to your MySQL server version for the right syntax to use near 'check=? where userid=? and id=?' at line 1
[ORM]2020/08/06 13:46:51  -[Queries/default] - [FAIL /     db.Exec /     0.0ms] - [update shopcar set amount=?, check=? where userid=? and id=?] - `1`, ``, `1`, `10` - Error 1064: You have an error in your SQL syntax; check the manual that corresponds to your MySQL server version for the right syntax to use near 'check=? where userid=? and id=?' at line 1
[ORM]2020/08/06 13:46:56  -[Queries/default] - [  OK /    db.Query /     0.0ms] - [select s.*,p.name,p.price,p.images from shopcar s join products p on s.productid=p.id where userid=?] - `1`
[ORM]2020/08/06 13:47:07  -[Queries/default] - [FAIL /     db.Exec /     0.0ms] - [update shopcar set amount=?, check=? where userid=? and id=?] - `102`, ``, `1`, `3` - Error 1064: You have an error in your SQL syntax; check the manual that corresponds to your MySQL server version for the right syntax to use near 'check=? where userid=? and id=?' at line 1
[ORM]2020/08/06 13:49:06  -[Queries/default] - [FAIL /     db.Exec /     0.0ms] - [update shopcar set amount=?, check=? where userid=? and id=?] - `2`, ``, `1`, `8` - Error 1064: You have an error in your SQL syntax; check the manual that corresponds to your MySQL server version for the right syntax to use near 'check=? where userid=? and id=?' at line 1
[ORM]2020/08/06 13:49:06  -[Queries/default] - [FAIL /     db.Exec /     0.0ms] - [update shopcar set amount=?, check=? where userid=? and id=?] - `3`, ``, `1`, `8` - Error 1064: You have an error in your SQL syntax; check the manual that corresponds to your MySQL server version for the right syntax to use near 'check=? where userid=? and id=?' at line 1
[ORM]2020/08/06 13:49:06  -[Queries/default] - [FAIL /     db.Exec /     0.0ms] - [update shopcar set amount=?, check=? where userid=? and id=?] - `4`, ``, `1`, `8` - Error 1064: You have an error in your SQL syntax; check the manual that corresponds to your MySQL server version for the right syntax to use near 'check=? where userid=? and id=?' at line 1
[ORM]2020/08/06 13:52:18  -[Queries/default] - [  OK /    db.Query /     0.9ms] - [select s.*,p.name,p.price,p.images from shopcar s join products p on s.productid=p.id where userid=?] - `1`
[ORM]2020/08/06 13:52:24  -[Queries/default] - [FAIL /     db.Exec /     0.0ms] - [update shopcar set amount=?, check=? where userid=? and id=?] - `2`, ``, `1`, `7` - Error 1064: You have an error in your SQL syntax; check the manual that corresponds to your MySQL server version for the right syntax to use near 'check=? where userid=? and id=?' at line 1
[ORM]2020/08/06 13:55:56  -[Queries/default] - [FAIL /     db.Exec /     0.0ms] - [update shopcar set amount=?, check=? where userid=? and id=?] - `3`, ``, `1`, `7` - Error 1064: You have an error in your SQL syntax; check the manual that corresponds to your MySQL server version for the right syntax to use near 'check=? where userid=? and id=?' at line 1
[ORM]2020/08/06 13:55:56  -[Queries/default] - [FAIL /     db.Exec /     0.0ms] - [update shopcar set amount=?, check=? where userid=? and id=?] - `4`, ``, `1`, `7` - Error 1064: You have an error in your SQL syntax; check the manual that corresponds to your MySQL server version for the right syntax to use near 'check=? where userid=? and id=?' at line 1
[ORM]2020/08/06 13:55:56  -[Queries/default] - [FAIL /     db.Exec /     0.9ms] - [update shopcar set amount=?, check=? where userid=? and id=?] - `5`, ``, `1`, `7` - Error 1064: You have an error in your SQL syntax; check the manual that corresponds to your MySQL server version for the right syntax to use near 'check=? where userid=? and id=?' at line 1
[ORM]2020/08/06 13:55:57  -[Queries/default] - [  OK /    db.Query /     0.9ms] - [select s.*,p.name,p.price,p.images from shopcar s join products p on s.productid=p.id where userid=?] - `1`
[ORM]2020/08/06 13:55:58  -[Queries/default] - [FAIL /     db.Exec /     0.0ms] - [update shopcar set amount=?, check=? where userid=? and id=?] - `2`, ``, `1`, `7` - Error 1064: You have an error in your SQL syntax; check the manual that corresponds to your MySQL server version for the right syntax to use near 'check=? where userid=? and id=?' at line 1
[ORM]2020/08/06 13:55:58  -[Queries/default] - [FAIL /     db.Exec /     0.0ms] - [update shopcar set amount=?, check=? where userid=? and id=?] - `3`, ``, `1`, `7` - Error 1064: You have an error in your SQL syntax; check the manual that corresponds to your MySQL server version for the right syntax to use near 'check=? where userid=? and id=?' at line 1
[ORM]2020/08/06 13:55:59  -[Queries/default] - [FAIL /     db.Exec /     0.0ms] - [update shopcar set amount=?, check=? where userid=? and id=?] - `4`, ``, `1`, `7` - Error 1064: You have an error in your SQL syntax; check the manual that corresponds to your MySQL server version for the right syntax to use near 'check=? where userid=? and id=?' at line 1
[ORM]2020/08/06 13:56:00  -[Queries/default] - [  OK /    db.Query /     0.9ms] - [select s.*,p.name,p.price,p.images from shopcar s join products p on s.productid=p.id where userid=?] - `1`
[ORM]2020/08/06 13:56:14  -[Queries/default] - [  OK /    db.Query /     0.9ms] - [select s.*,p.name,p.price,p.images from shopcar s join products p on s.productid=p.id where userid=?] - `1`
[ORM]2020/08/06 13:56:21  -[Queries/default] - [FAIL /     db.Exec /     0.0ms] - [update shopcar set amount=?, check=? where userid=? and id=?] - `2`, ``, `1`, `12` - Error 1064: You have an error in your SQL syntax; check the manual that corresponds to your MySQL server version for the right syntax to use near 'check=? where userid=? and id=?' at line 1
[ORM]2020/08/06 13:56:21  -[Queries/default] - [FAIL /     db.Exec /     0.0ms] - [update shopcar set amount=?, check=? where userid=? and id=?] - `3`, ``, `1`, `12` - Error 1064: You have an error in your SQL syntax; check the manual that corresponds to your MySQL server version for the right syntax to use near 'check=? where userid=? and id=?' at line 1
[ORM]2020/08/06 13:56:22  -[Queries/default] - [FAIL /     db.Exec /     0.0ms] - [update shopcar set amount=?, check=? where userid=? and id=?] - `2`, ``, `1`, `12` - Error 1064: You have an error in your SQL syntax; check the manual that corresponds to your MySQL server version for the right syntax to use near 'check=? where userid=? and id=?' at line 1
[ORM]2020/08/06 13:56:22  -[Queries/default] - [FAIL /     db.Exec /     0.0ms] - [update shopcar set amount=?, check=? where userid=? and id=?] - `1`, ``, `1`, `12` - Error 1064: You have an error in your SQL syntax; check the manual that corresponds to your MySQL server version for the right syntax to use near 'check=? where userid=? and id=?' at line 1
[ORM]2020/08/06 13:56:22  -[Queries/default] - [FAIL /     db.Exec /     1.0ms] - [update shopcar set amount=?, check=? where userid=? and id=?] - `2`, ``, `1`, `12` - Error 1064: You have an error in your SQL syntax; check the manual that corresponds to your MySQL server version for the right syntax to use near 'check=? where userid=? and id=?' at line 1
[ORM]2020/08/06 13:56:23  -[Queries/default] - [FAIL /     db.Exec /     0.0ms] - [update shopcar set amount=?, check=? where userid=? and id=?] - `3`, ``, `1`, `12` - Error 1064: You have an error in your SQL syntax; check the manual that corresponds to your MySQL server version for the right syntax to use near 'check=? where userid=? and id=?' at line 1
[ORM]2020/08/06 13:56:23  -[Queries/default] - [FAIL /     db.Exec /     0.0ms] - [update shopcar set amount=?, check=? where userid=? and id=?] - `2`, ``, `1`, `12` - Error 1064: You have an error in your SQL syntax; check the manual that corresponds to your MySQL server version for the right syntax to use near 'check=? where userid=? and id=?' at line 1
[ORM]2020/08/06 13:56:24  -[Queries/default] - [FAIL /     db.Exec /     0.0ms] - [update shopcar set amount=?, check=? where userid=? and id=?] - `1`, ``, `1`, `12` - Error 1064: You have an error in your SQL syntax; check the manual that corresponds to your MySQL server version for the right syntax to use near 'check=? where userid=? and id=?' at line 1
